{"/home/extramarks/Projects/Purple-React/src/constants.js": {"path":"/home/extramarks/Projects/Purple-React/src/constants.js","statementMap":{"0":{"start":{"line":7,"column":23},"end":{"line":23,"column":1}},"1":{"start":{"line":21,"column":27},"end":{"line":21,"column":43}},"2":{"start":{"line":25,"column":24},"end":{"line":55,"column":1}},"3":{"start":{"line":57,"column":20},"end":{"line":102,"column":1}},"4":{"start":{"line":104,"column":34},"end":{"line":153,"column":1}},"5":{"start":{"line":155,"column":24},"end":{"line":196,"column":1}},"6":{"start":{"line":198,"column":27},"end":{"line":217,"column":1}},"7":{"start":{"line":218,"column":37},"end":{"line":266,"column":1}},"8":{"start":{"line":218,"column":64},"end":{"line":266,"column":1}},"9":{"start":{"line":243,"column":6},"end":{"line":243,"column":57}},"10":{"start":{"line":243,"column":46},"end":{"line":243,"column":57}},"11":{"start":{"line":244,"column":6},"end":{"line":244,"column":108}},"12":{"start":{"line":244,"column":32},"end":{"line":244,"column":108}},"13":{"start":{"line":245,"column":6},"end":{"line":245,"column":91}},"14":{"start":{"line":251,"column":6},"end":{"line":263,"column":15}},"15":{"start":{"line":259,"column":10},"end":{"line":259,"column":30}}},"fnMap":{"0":{"name":"(anonymous_0)","decl":{"start":{"line":21,"column":12},"end":{"line":21,"column":13}},"loc":{"start":{"line":21,"column":27},"end":{"line":21,"column":43}},"line":21},"1":{"name":"(anonymous_1)","decl":{"start":{"line":218,"column":37},"end":{"line":218,"column":38}},"loc":{"start":{"line":218,"column":64},"end":{"line":266,"column":1}},"line":218},"2":{"name":"(anonymous_2)","decl":{"start":{"line":242,"column":12},"end":{"line":242,"column":13}},"loc":{"start":{"line":242,"column":27},"end":{"line":246,"column":5}},"line":242},"3":{"name":"(anonymous_3)","decl":{"start":{"line":250,"column":12},"end":{"line":250,"column":13}},"loc":{"start":{"line":251,"column":6},"end":{"line":263,"column":15}},"line":251},"4":{"name":"(anonymous_4)","decl":{"start":{"line":258,"column":17},"end":{"line":258,"column":18}},"loc":{"start":{"line":258,"column":23},"end":{"line":260,"column":9}},"line":258}},"branchMap":{"0":{"loc":{"start":{"line":243,"column":6},"end":{"line":243,"column":57}},"type":"if","locations":[{"start":{"line":243,"column":6},"end":{"line":243,"column":57}},{"start":{"line":243,"column":6},"end":{"line":243,"column":57}}],"line":243},"1":{"loc":{"start":{"line":244,"column":6},"end":{"line":244,"column":108}},"type":"if","locations":[{"start":{"line":244,"column":6},"end":{"line":244,"column":108}},{"start":{"line":244,"column":6},"end":{"line":244,"column":108}}],"line":244}},"s":{"0":2,"1":0,"2":2,"3":2,"4":2,"5":2,"6":2,"7":2,"8":0,"9":0,"10":0,"11":0,"12":0,"13":0,"14":0,"15":0},"f":{"0":0,"1":0,"2":0,"3":0,"4":0},"b":{"0":[0,0],"1":[0,0]},"_coverageSchema":"43e27e138ebf9cfc5966b082cf9a028302ed4184","hash":"ad2c4061f6a1eec608d0916552c1080851b1bbc7"}
,"/home/extramarks/Projects/Purple-React/src/i18n.js": {"path":"/home/extramarks/Projects/Purple-React/src/i18n.js","statementMap":{"0":{"start":{"line":5,"column":0},"end":{"line":250,"column":5}}},"fnMap":{},"branchMap":{},"s":{"0":0},"f":{},"b":{},"hash":"3d137741ae5124a6f399bd0cadbae967c6bf4162"}
,"/home/extramarks/Projects/Purple-React/src/index.js": {"path":"/home/extramarks/Projects/Purple-React/src/index.js","statementMap":{"0":{"start":{"line":8,"column":0},"end":{"line":15,"column":2}},"1":{"start":{"line":17,"column":0},"end":{"line":17,"column":27}}},"fnMap":{},"branchMap":{},"s":{"0":0,"1":0},"f":{},"b":{},"hash":"8c1875323496e3b4999b8ffe7605d0f40e3a6187"}
,"/home/extramarks/Projects/Purple-React/src/serviceWorker.js": {"path":"/home/extramarks/Projects/Purple-React/src/serviceWorker.js","statementMap":{"0":{"start":{"line":13,"column":20},"end":{"line":21,"column":1}},"1":{"start":{"line":24,"column":2},"end":{"line":54,"column":3}},"2":{"start":{"line":26,"column":22},"end":{"line":26,"column":75}},"3":{"start":{"line":27,"column":4},"end":{"line":32,"column":5}},"4":{"start":{"line":31,"column":6},"end":{"line":31,"column":13}},"5":{"start":{"line":34,"column":4},"end":{"line":53,"column":7}},"6":{"start":{"line":35,"column":20},"end":{"line":35,"column":65}},"7":{"start":{"line":37,"column":6},"end":{"line":52,"column":7}},"8":{"start":{"line":39,"column":8},"end":{"line":39,"column":47}},"9":{"start":{"line":43,"column":8},"end":{"line":48,"column":11}},"10":{"start":{"line":44,"column":10},"end":{"line":47,"column":12}},"11":{"start":{"line":51,"column":8},"end":{"line":51,"column":39}},"12":{"start":{"line":58,"column":2},"end":{"line":98,"column":7}},"13":{"start":{"line":61,"column":6},"end":{"line":94,"column":8}},"14":{"start":{"line":62,"column":33},"end":{"line":62,"column":56}},"15":{"start":{"line":63,"column":8},"end":{"line":65,"column":9}},"16":{"start":{"line":64,"column":10},"end":{"line":64,"column":17}},"17":{"start":{"line":66,"column":8},"end":{"line":93,"column":10}},"18":{"start":{"line":67,"column":10},"end":{"line":92,"column":11}},"19":{"start":{"line":68,"column":12},"end":{"line":91,"column":13}},"20":{"start":{"line":72,"column":14},"end":{"line":75,"column":16}},"21":{"start":{"line":78,"column":14},"end":{"line":80,"column":15}},"22":{"start":{"line":79,"column":16},"end":{"line":79,"column":46}},"23":{"start":{"line":85,"column":14},"end":{"line":85,"column":64}},"24":{"start":{"line":88,"column":14},"end":{"line":90,"column":15}},"25":{"start":{"line":89,"column":16},"end":{"line":89,"column":47}},"26":{"start":{"line":97,"column":6},"end":{"line":97,"column":72}},"27":{"start":{"line":103,"column":2},"end":{"line":126,"column":7}},"28":{"start":{"line":106,"column":26},"end":{"line":106,"column":62}},"29":{"start":{"line":107,"column":6},"end":{"line":120,"column":7}},"30":{"start":{"line":112,"column":8},"end":{"line":116,"column":11}},"31":{"start":{"line":113,"column":10},"end":{"line":115,"column":13}},"32":{"start":{"line":114,"column":12},"end":{"line":114,"column":37}},"33":{"start":{"line":119,"column":8},"end":{"line":119,"column":39}},"34":{"start":{"line":123,"column":6},"end":{"line":125,"column":8}},"35":{"start":{"line":130,"column":2},"end":{"line":134,"column":3}},"36":{"start":{"line":131,"column":4},"end":{"line":133,"column":7}},"37":{"start":{"line":132,"column":6},"end":{"line":132,"column":32}}},"fnMap":{"0":{"name":"register","decl":{"start":{"line":23,"column":16},"end":{"line":23,"column":24}},"loc":{"start":{"line":23,"column":33},"end":{"line":55,"column":1}},"line":23},"1":{"name":"(anonymous_1)","decl":{"start":{"line":34,"column":36},"end":{"line":34,"column":37}},"loc":{"start":{"line":34,"column":42},"end":{"line":53,"column":5}},"line":34},"2":{"name":"(anonymous_2)","decl":{"start":{"line":43,"column":43},"end":{"line":43,"column":44}},"loc":{"start":{"line":43,"column":49},"end":{"line":48,"column":9}},"line":43},"3":{"name":"registerValidSW","decl":{"start":{"line":57,"column":9},"end":{"line":57,"column":24}},"loc":{"start":{"line":57,"column":40},"end":{"line":99,"column":1}},"line":57},"4":{"name":"(anonymous_4)","decl":{"start":{"line":60,"column":10},"end":{"line":60,"column":11}},"loc":{"start":{"line":60,"column":26},"end":{"line":95,"column":5}},"line":60},"5":{"name":"(anonymous_5)","decl":{"start":{"line":61,"column":35},"end":{"line":61,"column":36}},"loc":{"start":{"line":61,"column":41},"end":{"line":94,"column":7}},"line":61},"6":{"name":"(anonymous_6)","decl":{"start":{"line":66,"column":41},"end":{"line":66,"column":42}},"loc":{"start":{"line":66,"column":47},"end":{"line":93,"column":9}},"line":66},"7":{"name":"(anonymous_7)","decl":{"start":{"line":96,"column":11},"end":{"line":96,"column":12}},"loc":{"start":{"line":96,"column":20},"end":{"line":98,"column":5}},"line":96},"8":{"name":"checkValidServiceWorker","decl":{"start":{"line":101,"column":9},"end":{"line":101,"column":32}},"loc":{"start":{"line":101,"column":48},"end":{"line":127,"column":1}},"line":101},"9":{"name":"(anonymous_9)","decl":{"start":{"line":104,"column":10},"end":{"line":104,"column":11}},"loc":{"start":{"line":104,"column":22},"end":{"line":121,"column":5}},"line":104},"10":{"name":"(anonymous_10)","decl":{"start":{"line":112,"column":43},"end":{"line":112,"column":44}},"loc":{"start":{"line":112,"column":59},"end":{"line":116,"column":9}},"line":112},"11":{"name":"(anonymous_11)","decl":{"start":{"line":113,"column":41},"end":{"line":113,"column":42}},"loc":{"start":{"line":113,"column":47},"end":{"line":115,"column":11}},"line":113},"12":{"name":"(anonymous_12)","decl":{"start":{"line":122,"column":11},"end":{"line":122,"column":12}},"loc":{"start":{"line":122,"column":17},"end":{"line":126,"column":5}},"line":122},"13":{"name":"unregister","decl":{"start":{"line":129,"column":16},"end":{"line":129,"column":26}},"loc":{"start":{"line":129,"column":29},"end":{"line":135,"column":1}},"line":129},"14":{"name":"(anonymous_14)","decl":{"start":{"line":131,"column":39},"end":{"line":131,"column":40}},"loc":{"start":{"line":131,"column":55},"end":{"line":133,"column":5}},"line":131}},"branchMap":{"0":{"loc":{"start":{"line":14,"column":2},"end":{"line":20,"column":5}},"type":"binary-expr","locations":[{"start":{"line":14,"column":2},"end":{"line":14,"column":42}},{"start":{"line":16,"column":4},"end":{"line":16,"column":40}},{"start":{"line":18,"column":4},"end":{"line":20,"column":5}}],"line":14},"1":{"loc":{"start":{"line":24,"column":2},"end":{"line":54,"column":3}},"type":"if","locations":[{"start":{"line":24,"column":2},"end":{"line":54,"column":3}},{"start":{"line":24,"column":2},"end":{"line":54,"column":3}}],"line":24},"2":{"loc":{"start":{"line":24,"column":6},"end":{"line":24,"column":75}},"type":"binary-expr","locations":[{"start":{"line":24,"column":6},"end":{"line":24,"column":43}},{"start":{"line":24,"column":47},"end":{"line":24,"column":75}}],"line":24},"3":{"loc":{"start":{"line":27,"column":4},"end":{"line":32,"column":5}},"type":"if","locations":[{"start":{"line":27,"column":4},"end":{"line":32,"column":5}},{"start":{"line":27,"column":4},"end":{"line":32,"column":5}}],"line":27},"4":{"loc":{"start":{"line":37,"column":6},"end":{"line":52,"column":7}},"type":"if","locations":[{"start":{"line":37,"column":6},"end":{"line":52,"column":7}},{"start":{"line":37,"column":6},"end":{"line":52,"column":7}}],"line":37},"5":{"loc":{"start":{"line":63,"column":8},"end":{"line":65,"column":9}},"type":"if","locations":[{"start":{"line":63,"column":8},"end":{"line":65,"column":9}},{"start":{"line":63,"column":8},"end":{"line":65,"column":9}}],"line":63},"6":{"loc":{"start":{"line":67,"column":10},"end":{"line":92,"column":11}},"type":"if","locations":[{"start":{"line":67,"column":10},"end":{"line":92,"column":11}},{"start":{"line":67,"column":10},"end":{"line":92,"column":11}}],"line":67},"7":{"loc":{"start":{"line":68,"column":12},"end":{"line":91,"column":13}},"type":"if","locations":[{"start":{"line":68,"column":12},"end":{"line":91,"column":13}},{"start":{"line":68,"column":12},"end":{"line":91,"column":13}}],"line":68},"8":{"loc":{"start":{"line":78,"column":14},"end":{"line":80,"column":15}},"type":"if","locations":[{"start":{"line":78,"column":14},"end":{"line":80,"column":15}},{"start":{"line":78,"column":14},"end":{"line":80,"column":15}}],"line":78},"9":{"loc":{"start":{"line":78,"column":18},"end":{"line":78,"column":43}},"type":"binary-expr","locations":[{"start":{"line":78,"column":18},"end":{"line":78,"column":24}},{"start":{"line":78,"column":28},"end":{"line":78,"column":43}}],"line":78},"10":{"loc":{"start":{"line":88,"column":14},"end":{"line":90,"column":15}},"type":"if","locations":[{"start":{"line":88,"column":14},"end":{"line":90,"column":15}},{"start":{"line":88,"column":14},"end":{"line":90,"column":15}}],"line":88},"11":{"loc":{"start":{"line":88,"column":18},"end":{"line":88,"column":44}},"type":"binary-expr","locations":[{"start":{"line":88,"column":18},"end":{"line":88,"column":24}},{"start":{"line":88,"column":28},"end":{"line":88,"column":44}}],"line":88},"12":{"loc":{"start":{"line":107,"column":6},"end":{"line":120,"column":7}},"type":"if","locations":[{"start":{"line":107,"column":6},"end":{"line":120,"column":7}},{"start":{"line":107,"column":6},"end":{"line":120,"column":7}}],"line":107},"13":{"loc":{"start":{"line":108,"column":8},"end":{"line":109,"column":73}},"type":"binary-expr","locations":[{"start":{"line":108,"column":8},"end":{"line":108,"column":31}},{"start":{"line":109,"column":9},"end":{"line":109,"column":28}},{"start":{"line":109,"column":32},"end":{"line":109,"column":72}}],"line":108},"14":{"loc":{"start":{"line":130,"column":2},"end":{"line":134,"column":3}},"type":"if","locations":[{"start":{"line":130,"column":2},"end":{"line":134,"column":3}},{"start":{"line":130,"column":2},"end":{"line":134,"column":3}}],"line":130}},"s":{"0":0,"1":0,"2":0,"3":0,"4":0,"5":0,"6":0,"7":0,"8":0,"9":0,"10":0,"11":0,"12":0,"13":0,"14":0,"15":0,"16":0,"17":0,"18":0,"19":0,"20":0,"21":0,"22":0,"23":0,"24":0,"25":0,"26":0,"27":0,"28":0,"29":0,"30":0,"31":0,"32":0,"33":0,"34":0,"35":0,"36":0,"37":0},"f":{"0":0,"1":0,"2":0,"3":0,"4":0,"5":0,"6":0,"7":0,"8":0,"9":0,"10":0,"11":0,"12":0,"13":0,"14":0},"b":{"0":[0,0,0],"1":[0,0],"2":[0,0],"3":[0,0],"4":[0,0],"5":[0,0],"6":[0,0],"7":[0,0],"8":[0,0],"9":[0,0],"10":[0,0],"11":[0,0],"12":[0,0],"13":[0,0,0],"14":[0,0]},"hash":"d9e537a38fcb6d8d6c9fe08df896e68af931812f"}
,"/home/extramarks/Projects/Purple-React/src/utils.js": {"path":"/home/extramarks/Projects/Purple-React/src/utils.js","statementMap":{"0":{"start":{"line":6,"column":39},"end":{"line":23,"column":1}},"1":{"start":{"line":7,"column":2},"end":{"line":22,"column":4}},"2":{"start":{"line":8,"column":18},"end":{"line":8,"column":26}},"3":{"start":{"line":11,"column":6},"end":{"line":18,"column":7}},"4":{"start":{"line":17,"column":8},"end":{"line":17,"column":37}},"5":{"start":{"line":19,"column":6},"end":{"line":19,"column":53}},"6":{"start":{"line":20,"column":6},"end":{"line":20,"column":35}},"7":{"start":{"line":25,"column":31},"end":{"line":75,"column":1}},"8":{"start":{"line":33,"column":2},"end":{"line":33,"column":49}},"9":{"start":{"line":35,"column":17},"end":{"line":35,"column":43}},"10":{"start":{"line":36,"column":2},"end":{"line":36,"column":35}},"11":{"start":{"line":37,"column":2},"end":{"line":74,"column":3}},"12":{"start":{"line":38,"column":4},"end":{"line":42,"column":5}},"13":{"start":{"line":39,"column":6},"end":{"line":41,"column":18}},"14":{"start":{"line":40,"column":8},"end":{"line":40,"column":48}},"15":{"start":{"line":44,"column":20},"end":{"line":44,"column":69}},"16":{"start":{"line":46,"column":4},"end":{"line":46,"column":41}},"17":{"start":{"line":47,"column":20},"end":{"line":53,"column":5}},"18":{"start":{"line":55,"column":21},"end":{"line":55,"column":41}},"19":{"start":{"line":56,"column":17},"end":{"line":56,"column":19}},"20":{"start":{"line":57,"column":4},"end":{"line":59,"column":5}},"21":{"start":{"line":58,"column":6},"end":{"line":58,"column":29}},"22":{"start":{"line":60,"column":4},"end":{"line":60,"column":18}},"23":{"start":{"line":62,"column":4},"end":{"line":71,"column":7}},"24":{"start":{"line":63,"column":6},"end":{"line":69,"column":7}},"25":{"start":{"line":70,"column":6},"end":{"line":70,"column":20}},"26":{"start":{"line":73,"column":4},"end":{"line":73,"column":51}},"27":{"start":{"line":77,"column":35},"end":{"line":94,"column":1}},"28":{"start":{"line":84,"column":2},"end":{"line":93,"column":5}},"29":{"start":{"line":89,"column":6},"end":{"line":89,"column":30}},"30":{"start":{"line":96,"column":32},"end":{"line":96,"column":98}},"31":{"start":{"line":96,"column":39},"end":{"line":96,"column":98}},"32":{"start":{"line":96,"column":71},"end":{"line":96,"column":97}},"33":{"start":{"line":97,"column":34},"end":{"line":97,"column":83}},"34":{"start":{"line":97,"column":41},"end":{"line":97,"column":83}}},"fnMap":{"0":{"name":"(anonymous_0)","decl":{"start":{"line":6,"column":39},"end":{"line":6,"column":40}},"loc":{"start":{"line":6,"column":45},"end":{"line":23,"column":1}},"line":6},"1":{"name":"(anonymous_1)","decl":{"start":{"line":8,"column":4},"end":{"line":8,"column":5}},"loc":{"start":{"line":8,"column":18},"end":{"line":8,"column":26}},"line":8},"2":{"name":"(anonymous_2)","decl":{"start":{"line":9,"column":4},"end":{"line":9,"column":5}},"loc":{"start":{"line":9,"column":15},"end":{"line":21,"column":5}},"line":9},"3":{"name":"(anonymous_3)","decl":{"start":{"line":25,"column":31},"end":{"line":25,"column":32}},"loc":{"start":{"line":32,"column":6},"end":{"line":75,"column":1}},"line":32},"4":{"name":"(anonymous_4)","decl":{"start":{"line":39,"column":17},"end":{"line":39,"column":18}},"loc":{"start":{"line":39,"column":23},"end":{"line":41,"column":7}},"line":39},"5":{"name":"(anonymous_5)","decl":{"start":{"line":62,"column":23},"end":{"line":62,"column":24}},"loc":{"start":{"line":62,"column":44},"end":{"line":71,"column":5}},"line":62},"6":{"name":"(anonymous_6)","decl":{"start":{"line":77,"column":35},"end":{"line":77,"column":36}},"loc":{"start":{"line":83,"column":6},"end":{"line":94,"column":1}},"line":83},"7":{"name":"(anonymous_7)","decl":{"start":{"line":88,"column":13},"end":{"line":88,"column":14}},"loc":{"start":{"line":88,"column":19},"end":{"line":90,"column":5}},"line":88},"8":{"name":"(anonymous_8)","decl":{"start":{"line":96,"column":32},"end":{"line":96,"column":33}},"loc":{"start":{"line":96,"column":39},"end":{"line":96,"column":98}},"line":96},"9":{"name":"(anonymous_9)","decl":{"start":{"line":96,"column":61},"end":{"line":96,"column":62}},"loc":{"start":{"line":96,"column":71},"end":{"line":96,"column":97}},"line":96},"10":{"name":"(anonymous_10)","decl":{"start":{"line":97,"column":34},"end":{"line":97,"column":35}},"loc":{"start":{"line":97,"column":41},"end":{"line":97,"column":83}},"line":97}},"branchMap":{"0":{"loc":{"start":{"line":11,"column":6},"end":{"line":18,"column":7}},"type":"if","locations":[{"start":{"line":11,"column":6},"end":{"line":18,"column":7}},{"start":{"line":11,"column":6},"end":{"line":18,"column":7}}],"line":11},"1":{"loc":{"start":{"line":12,"column":8},"end":{"line":15,"column":72}},"type":"binary-expr","locations":[{"start":{"line":12,"column":9},"end":{"line":12,"column":50}},{"start":{"line":13,"column":10},"end":{"line":13,"column":51}},{"start":{"line":14,"column":10},"end":{"line":14,"column":51}},{"start":{"line":15,"column":8},"end":{"line":15,"column":72}}],"line":12},"2":{"loc":{"start":{"line":27,"column":2},"end":{"line":27,"column":11}},"type":"default-arg","locations":[{"start":{"line":27,"column":9},"end":{"line":27,"column":11}}],"line":27},"3":{"loc":{"start":{"line":28,"column":2},"end":{"line":28,"column":16}},"type":"default-arg","locations":[{"start":{"line":28,"column":11},"end":{"line":28,"column":16}}],"line":28},"4":{"loc":{"start":{"line":29,"column":2},"end":{"line":29,"column":13}},"type":"default-arg","locations":[{"start":{"line":29,"column":11},"end":{"line":29,"column":13}}],"line":29},"5":{"loc":{"start":{"line":30,"column":2},"end":{"line":30,"column":18}},"type":"default-arg","locations":[{"start":{"line":30,"column":12},"end":{"line":30,"column":18}}],"line":30},"6":{"loc":{"start":{"line":31,"column":2},"end":{"line":31,"column":25}},"type":"default-arg","locations":[{"start":{"line":31,"column":21},"end":{"line":31,"column":25}}],"line":31},"7":{"loc":{"start":{"line":38,"column":4},"end":{"line":42,"column":5}},"type":"if","locations":[{"start":{"line":38,"column":4},"end":{"line":42,"column":5}},{"start":{"line":38,"column":4},"end":{"line":42,"column":5}}],"line":38},"8":{"loc":{"start":{"line":57,"column":4},"end":{"line":59,"column":5}},"type":"if","locations":[{"start":{"line":57,"column":4},"end":{"line":59,"column":5}},{"start":{"line":57,"column":4},"end":{"line":59,"column":5}}],"line":57},"9":{"loc":{"start":{"line":57,"column":8},"end":{"line":57,"column":33}},"type":"binary-expr","locations":[{"start":{"line":57,"column":8},"end":{"line":57,"column":16}},{"start":{"line":57,"column":20},"end":{"line":57,"column":33}}],"line":57},"10":{"loc":{"start":{"line":63,"column":6},"end":{"line":69,"column":7}},"type":"if","locations":[{"start":{"line":63,"column":6},"end":{"line":69,"column":7}},{"start":{"line":63,"column":6},"end":{"line":69,"column":7}}],"line":63},"11":{"loc":{"start":{"line":64,"column":8},"end":{"line":65,"column":49}},"type":"binary-expr","locations":[{"start":{"line":64,"column":8},"end":{"line":64,"column":49}},{"start":{"line":65,"column":8},"end":{"line":65,"column":49}}],"line":64},"12":{"loc":{"start":{"line":78,"column":2},"end":{"line":78,"column":14}},"type":"default-arg","locations":[{"start":{"line":78,"column":12},"end":{"line":78,"column":14}}],"line":78},"13":{"loc":{"start":{"line":79,"column":2},"end":{"line":79,"column":10}},"type":"default-arg","locations":[{"start":{"line":79,"column":8},"end":{"line":79,"column":10}}],"line":79},"14":{"loc":{"start":{"line":80,"column":2},"end":{"line":80,"column":18}},"type":"default-arg","locations":[{"start":{"line":80,"column":16},"end":{"line":80,"column":18}}],"line":80},"15":{"loc":{"start":{"line":81,"column":2},"end":{"line":81,"column":16}},"type":"default-arg","locations":[{"start":{"line":81,"column":13},"end":{"line":81,"column":16}}],"line":81},"16":{"loc":{"start":{"line":82,"column":2},"end":{"line":82,"column":24}},"type":"default-arg","locations":[{"start":{"line":82,"column":14},"end":{"line":82,"column":24}}],"line":82}},"s":{"0":2,"1":0,"2":0,"3":0,"4":0,"5":0,"6":0,"7":2,"8":0,"9":0,"10":0,"11":0,"12":0,"13":0,"14":0,"15":0,"16":0,"17":0,"18":0,"19":0,"20":0,"21":0,"22":0,"23":0,"24":0,"25":0,"26":0,"27":2,"28":0,"29":0,"30":2,"31":0,"32":0,"33":2,"34":0},"f":{"0":0,"1":0,"2":0,"3":0,"4":0,"5":0,"6":0,"7":0,"8":0,"9":0,"10":0},"b":{"0":[0,0],"1":[0,0,0,0],"2":[0],"3":[0],"4":[0],"5":[0],"6":[0],"7":[0,0],"8":[0,0],"9":[0,0],"10":[0,0],"11":[0,0],"12":[0],"13":[0],"14":[0],"15":[0],"16":[0]},"_coverageSchema":"43e27e138ebf9cfc5966b082cf9a028302ed4184","hash":"1acac629d289fe4ac32e5791ec01224f3023cf63"}
,"/home/extramarks/Projects/Purple-React/src/app/App.js": {"path":"/home/extramarks/Projects/Purple-React/src/app/App.js","statementMap":{"0":{"start":{"line":10,"column":12},"end":{"line":28,"column":1}},"1":{"start":{"line":11,"column":19},"end":{"line":11,"column":32}},"2":{"start":{"line":12,"column":2},"end":{"line":14,"column":17}},"3":{"start":{"line":13,"column":4},"end":{"line":13,"column":26}},"4":{"start":{"line":16,"column":2},"end":{"line":27,"column":4}}},"fnMap":{"0":{"name":"(anonymous_0)","decl":{"start":{"line":10,"column":12},"end":{"line":10,"column":13}},"loc":{"start":{"line":10,"column":18},"end":{"line":28,"column":1}},"line":10},"1":{"name":"(anonymous_1)","decl":{"start":{"line":12,"column":12},"end":{"line":12,"column":13}},"loc":{"start":{"line":12,"column":18},"end":{"line":14,"column":3}},"line":12}},"branchMap":{},"s":{"0":1,"1":0,"2":0,"3":0,"4":0},"f":{"0":0,"1":0},"b":{},"_coverageSchema":"43e27e138ebf9cfc5966b082cf9a028302ed4184","hash":"939278abee16753888d6326d4abb7e71c1b95f53"}
,"/home/extramarks/Projects/Purple-React/src/app/AppRoutes.js": {"path":"/home/extramarks/Projects/Purple-React/src/app/AppRoutes.js","statementMap":{"0":{"start":{"line":8,"column":18},"end":{"line":8,"column":61}},"1":{"start":{"line":8,"column":29},"end":{"line":8,"column":60}},"2":{"start":{"line":10,"column":21},"end":{"line":10,"column":66}},"3":{"start":{"line":10,"column":32},"end":{"line":10,"column":65}},"4":{"start":{"line":12,"column":17},"end":{"line":12,"column":61}},"5":{"start":{"line":12,"column":28},"end":{"line":12,"column":60}},"6":{"start":{"line":14,"column":12},"end":{"line":14,"column":49}},"7":{"start":{"line":14,"column":23},"end":{"line":14,"column":48}},"8":{"start":{"line":16,"column":12},"end":{"line":16,"column":49}},"9":{"start":{"line":16,"column":23},"end":{"line":16,"column":48}},"10":{"start":{"line":18,"column":18},"end":{"line":32,"column":1}},"11":{"start":{"line":19,"column":2},"end":{"line":31,"column":4}}},"fnMap":{"0":{"name":"(anonymous_0)","decl":{"start":{"line":8,"column":23},"end":{"line":8,"column":24}},"loc":{"start":{"line":8,"column":29},"end":{"line":8,"column":60}},"line":8},"1":{"name":"(anonymous_1)","decl":{"start":{"line":10,"column":26},"end":{"line":10,"column":27}},"loc":{"start":{"line":10,"column":32},"end":{"line":10,"column":65}},"line":10},"2":{"name":"(anonymous_2)","decl":{"start":{"line":12,"column":22},"end":{"line":12,"column":23}},"loc":{"start":{"line":12,"column":28},"end":{"line":12,"column":60}},"line":12},"3":{"name":"(anonymous_3)","decl":{"start":{"line":14,"column":17},"end":{"line":14,"column":18}},"loc":{"start":{"line":14,"column":23},"end":{"line":14,"column":48}},"line":14},"4":{"name":"(anonymous_4)","decl":{"start":{"line":16,"column":17},"end":{"line":16,"column":18}},"loc":{"start":{"line":16,"column":23},"end":{"line":16,"column":48}},"line":16},"5":{"name":"(anonymous_5)","decl":{"start":{"line":18,"column":18},"end":{"line":18,"column":19}},"loc":{"start":{"line":18,"column":24},"end":{"line":32,"column":1}},"line":18}},"branchMap":{},"s":{"0":1,"1":0,"2":1,"3":0,"4":1,"5":0,"6":1,"7":0,"8":1,"9":0,"10":1,"11":0},"f":{"0":0,"1":0,"2":0,"3":0,"4":0,"5":0},"b":{},"_coverageSchema":"43e27e138ebf9cfc5966b082cf9a028302ed4184","hash":"2559009e3569faa37c65ae1dca0c15664d6d168f"}
,"/home/extramarks/Projects/Purple-React/src/app/Order1p.js": {"path":"/home/extramarks/Projects/Purple-React/src/app/Order1p.js","statementMap":{"0":{"start":{"line":5,"column":16},"end":{"line":48,"column":1}},"1":{"start":{"line":38,"column":28},"end":{"line":38,"column":79}},"2":{"start":{"line":39,"column":16},"end":{"line":39,"column":43}},"3":{"start":{"line":40,"column":16},"end":{"line":42,"column":17}},"4":{"start":{"line":41,"column":20},"end":{"line":41,"column":34}},"5":{"start":{"line":43,"column":16},"end":{"line":43,"column":68}},"6":{"start":{"line":44,"column":16},"end":{"line":44,"column":29}},"7":{"start":{"line":50,"column":15},"end":{"line":50,"column":79}},"8":{"start":{"line":52,"column":13},"end":{"line":61,"column":1}},"9":{"start":{"line":63,"column":16},"end":{"line":78,"column":1}},"10":{"start":{"line":65,"column":4},"end":{"line":77,"column":5}}},"fnMap":{"0":{"name":"(anonymous_0)","decl":{"start":{"line":37,"column":19},"end":{"line":37,"column":20}},"loc":{"start":{"line":37,"column":48},"end":{"line":45,"column":13}},"line":37},"1":{"name":"(anonymous_1)","decl":{"start":{"line":63,"column":16},"end":{"line":63,"column":17}},"loc":{"start":{"line":63,"column":22},"end":{"line":78,"column":1}},"line":63}},"branchMap":{"0":{"loc":{"start":{"line":38,"column":28},"end":{"line":38,"column":79}},"type":"binary-expr","locations":[{"start":{"line":38,"column":28},"end":{"line":38,"column":73}},{"start":{"line":38,"column":77},"end":{"line":38,"column":79}}],"line":38},"1":{"loc":{"start":{"line":40,"column":16},"end":{"line":42,"column":17}},"type":"if","locations":[{"start":{"line":40,"column":16},"end":{"line":42,"column":17}},{"start":{"line":40,"column":16},"end":{"line":42,"column":17}}],"line":40}},"s":{"0":0,"1":0,"2":0,"3":0,"4":0,"5":0,"6":0,"7":0,"8":0,"9":0,"10":0},"f":{"0":0,"1":0},"b":{"0":[0,0],"1":[0,0]},"hash":"7a5a5d1afda461febeba17cc6da287895ac3fe84"}
,"/home/extramarks/Projects/Purple-React/src/app/Logistics/FBS.js": {"path":"/home/extramarks/Projects/Purple-React/src/app/Logistics/FBS.js","statementMap":{"0":{"start":{"line":3,"column":12},"end":{"line":10,"column":1}},"1":{"start":{"line":4,"column":4},"end":{"line":9,"column":5}}},"fnMap":{"0":{"name":"(anonymous_0)","decl":{"start":{"line":3,"column":12},"end":{"line":3,"column":13}},"loc":{"start":{"line":3,"column":18},"end":{"line":10,"column":1}},"line":3}},"branchMap":{},"s":{"0":0,"1":0},"f":{"0":0},"b":{},"hash":"6e05c342fda95ca90dace0cf4e2eb8d80387c543"}
,"/home/extramarks/Projects/Purple-React/src/app/Logistics/FBy.js": {"path":"/home/extramarks/Projects/Purple-React/src/app/Logistics/FBy.js","statementMap":{"0":{"start":{"line":3,"column":12},"end":{"line":10,"column":1}},"1":{"start":{"line":4,"column":4},"end":{"line":9,"column":5}}},"fnMap":{"0":{"name":"(anonymous_0)","decl":{"start":{"line":3,"column":12},"end":{"line":3,"column":13}},"loc":{"start":{"line":3,"column":18},"end":{"line":10,"column":1}},"line":3}},"branchMap":{},"s":{"0":0,"1":0},"f":{"0":0},"b":{},"hash":"aa116051bcd2807180e02c9c528b086754f0926e"}
,"/home/extramarks/Projects/Purple-React/src/app/Shimmer/CardShimmer.js": {"path":"/home/extramarks/Projects/Purple-React/src/app/Shimmer/CardShimmer.js","statementMap":{"0":{"start":{"line":4,"column":33},"end":{"line":14,"column":1}},"1":{"start":{"line":5,"column":4},"end":{"line":13,"column":10}}},"fnMap":{"0":{"name":"(anonymous_0)","decl":{"start":{"line":4,"column":33},"end":{"line":4,"column":34}},"loc":{"start":{"line":5,"column":4},"end":{"line":13,"column":10}},"line":5}},"branchMap":{},"s":{"0":1,"1":4},"f":{"0":4},"b":{},"_coverageSchema":"43e27e138ebf9cfc5966b082cf9a028302ed4184","hash":"e1fd88b72c879fd83435bc61cc4876343c954b82"}
,"/home/extramarks/Projects/Purple-React/src/app/Table/Table.js": {"path":"/home/extramarks/Projects/Purple-React/src/app/Table/Table.js","statementMap":{"0":{"start":{"line":4,"column":20},"end":{"line":18,"column":1}},"1":{"start":{"line":11,"column":2},"end":{"line":17,"column":4}}},"fnMap":{"0":{"name":"(anonymous_0)","decl":{"start":{"line":4,"column":20},"end":{"line":4,"column":21}},"loc":{"start":{"line":11,"column":2},"end":{"line":17,"column":4}},"line":11}},"branchMap":{"0":{"loc":{"start":{"line":5,"column":2},"end":{"line":5,"column":14}},"type":"default-arg","locations":[{"start":{"line":5,"column":12},"end":{"line":5,"column":14}}],"line":5},"1":{"loc":{"start":{"line":6,"column":2},"end":{"line":6,"column":11}},"type":"default-arg","locations":[{"start":{"line":6,"column":9},"end":{"line":6,"column":11}}],"line":6},"2":{"loc":{"start":{"line":7,"column":2},"end":{"line":7,"column":17}},"type":"default-arg","locations":[{"start":{"line":7,"column":12},"end":{"line":7,"column":17}}],"line":7},"3":{"loc":{"start":{"line":8,"column":2},"end":{"line":8,"column":18}},"type":"default-arg","locations":[{"start":{"line":8,"column":9},"end":{"line":8,"column":18}}],"line":8}},"s":{"0":1,"1":0},"f":{"0":0},"b":{"0":[0],"1":[0],"2":[0],"3":[0]},"_coverageSchema":"43e27e138ebf9cfc5966b082cf9a028302ed4184","hash":"070ef227ee561312af70526aee3c4ade34a6d39b"}
,"/home/extramarks/Projects/Purple-React/src/app/basic-ui/ApiCalls.js": {"path":"/home/extramarks/Projects/Purple-React/src/app/basic-ui/ApiCalls.js","statementMap":{"0":{"start":{"line":3,"column":35},"end":{"line":16,"column":1}},"1":{"start":{"line":4,"column":2},"end":{"line":15,"column":5}},"2":{"start":{"line":5,"column":4},"end":{"line":14,"column":9}},"3":{"start":{"line":10,"column":8},"end":{"line":10,"column":27}},"4":{"start":{"line":13,"column":8},"end":{"line":13,"column":26}},"5":{"start":{"line":18,"column":28},"end":{"line":31,"column":1}},"6":{"start":{"line":19,"column":2},"end":{"line":30,"column":5}},"7":{"start":{"line":20,"column":4},"end":{"line":29,"column":9}},"8":{"start":{"line":25,"column":8},"end":{"line":25,"column":27}},"9":{"start":{"line":28,"column":8},"end":{"line":28,"column":26}},"10":{"start":{"line":33,"column":32},"end":{"line":46,"column":1}},"11":{"start":{"line":34,"column":2},"end":{"line":45,"column":5}},"12":{"start":{"line":35,"column":4},"end":{"line":44,"column":9}},"13":{"start":{"line":40,"column":8},"end":{"line":40,"column":27}},"14":{"start":{"line":43,"column":8},"end":{"line":43,"column":26}},"15":{"start":{"line":48,"column":28},"end":{"line":61,"column":1}},"16":{"start":{"line":49,"column":2},"end":{"line":60,"column":5}},"17":{"start":{"line":50,"column":4},"end":{"line":59,"column":9}},"18":{"start":{"line":55,"column":8},"end":{"line":55,"column":27}},"19":{"start":{"line":58,"column":8},"end":{"line":58,"column":26}},"20":{"start":{"line":63,"column":28},"end":{"line":76,"column":1}},"21":{"start":{"line":64,"column":2},"end":{"line":75,"column":5}},"22":{"start":{"line":65,"column":4},"end":{"line":74,"column":9}},"23":{"start":{"line":70,"column":8},"end":{"line":70,"column":27}},"24":{"start":{"line":73,"column":8},"end":{"line":73,"column":26}}},"fnMap":{"0":{"name":"(anonymous_0)","decl":{"start":{"line":3,"column":35},"end":{"line":3,"column":36}},"loc":{"start":{"line":3,"column":41},"end":{"line":16,"column":1}},"line":3},"1":{"name":"(anonymous_1)","decl":{"start":{"line":4,"column":21},"end":{"line":4,"column":22}},"loc":{"start":{"line":4,"column":42},"end":{"line":15,"column":3}},"line":4},"2":{"name":"(anonymous_2)","decl":{"start":{"line":9,"column":12},"end":{"line":9,"column":13}},"loc":{"start":{"line":9,"column":21},"end":{"line":11,"column":7}},"line":9},"3":{"name":"(anonymous_3)","decl":{"start":{"line":12,"column":13},"end":{"line":12,"column":14}},"loc":{"start":{"line":12,"column":22},"end":{"line":14,"column":7}},"line":12},"4":{"name":"(anonymous_4)","decl":{"start":{"line":18,"column":28},"end":{"line":18,"column":29}},"loc":{"start":{"line":18,"column":34},"end":{"line":31,"column":1}},"line":18},"5":{"name":"(anonymous_5)","decl":{"start":{"line":19,"column":21},"end":{"line":19,"column":22}},"loc":{"start":{"line":19,"column":42},"end":{"line":30,"column":3}},"line":19},"6":{"name":"(anonymous_6)","decl":{"start":{"line":24,"column":12},"end":{"line":24,"column":13}},"loc":{"start":{"line":24,"column":21},"end":{"line":26,"column":7}},"line":24},"7":{"name":"(anonymous_7)","decl":{"start":{"line":27,"column":13},"end":{"line":27,"column":14}},"loc":{"start":{"line":27,"column":22},"end":{"line":29,"column":7}},"line":27},"8":{"name":"(anonymous_8)","decl":{"start":{"line":33,"column":32},"end":{"line":33,"column":33}},"loc":{"start":{"line":33,"column":38},"end":{"line":46,"column":1}},"line":33},"9":{"name":"(anonymous_9)","decl":{"start":{"line":34,"column":21},"end":{"line":34,"column":22}},"loc":{"start":{"line":34,"column":42},"end":{"line":45,"column":3}},"line":34},"10":{"name":"(anonymous_10)","decl":{"start":{"line":39,"column":12},"end":{"line":39,"column":13}},"loc":{"start":{"line":39,"column":21},"end":{"line":41,"column":7}},"line":39},"11":{"name":"(anonymous_11)","decl":{"start":{"line":42,"column":13},"end":{"line":42,"column":14}},"loc":{"start":{"line":42,"column":22},"end":{"line":44,"column":7}},"line":42},"12":{"name":"(anonymous_12)","decl":{"start":{"line":48,"column":28},"end":{"line":48,"column":29}},"loc":{"start":{"line":48,"column":41},"end":{"line":61,"column":1}},"line":48},"13":{"name":"(anonymous_13)","decl":{"start":{"line":49,"column":21},"end":{"line":49,"column":22}},"loc":{"start":{"line":49,"column":42},"end":{"line":60,"column":3}},"line":49},"14":{"name":"(anonymous_14)","decl":{"start":{"line":54,"column":12},"end":{"line":54,"column":13}},"loc":{"start":{"line":54,"column":21},"end":{"line":56,"column":7}},"line":54},"15":{"name":"(anonymous_15)","decl":{"start":{"line":57,"column":13},"end":{"line":57,"column":14}},"loc":{"start":{"line":57,"column":22},"end":{"line":59,"column":7}},"line":57},"16":{"name":"(anonymous_16)","decl":{"start":{"line":63,"column":28},"end":{"line":63,"column":29}},"loc":{"start":{"line":63,"column":34},"end":{"line":76,"column":1}},"line":63},"17":{"name":"(anonymous_17)","decl":{"start":{"line":64,"column":21},"end":{"line":64,"column":22}},"loc":{"start":{"line":64,"column":42},"end":{"line":75,"column":3}},"line":64},"18":{"name":"(anonymous_18)","decl":{"start":{"line":69,"column":12},"end":{"line":69,"column":13}},"loc":{"start":{"line":69,"column":21},"end":{"line":71,"column":7}},"line":69},"19":{"name":"(anonymous_19)","decl":{"start":{"line":72,"column":13},"end":{"line":72,"column":14}},"loc":{"start":{"line":72,"column":22},"end":{"line":74,"column":7}},"line":72}},"branchMap":{"0":{"loc":{"start":{"line":10,"column":16},"end":{"line":10,"column":25}},"type":"binary-expr","locations":[{"start":{"line":10,"column":16},"end":{"line":10,"column":19}},{"start":{"line":10,"column":23},"end":{"line":10,"column":25}}],"line":10},"1":{"loc":{"start":{"line":13,"column":15},"end":{"line":13,"column":24}},"type":"binary-expr","locations":[{"start":{"line":13,"column":15},"end":{"line":13,"column":18}},{"start":{"line":13,"column":22},"end":{"line":13,"column":24}}],"line":13},"2":{"loc":{"start":{"line":25,"column":16},"end":{"line":25,"column":25}},"type":"binary-expr","locations":[{"start":{"line":25,"column":16},"end":{"line":25,"column":19}},{"start":{"line":25,"column":23},"end":{"line":25,"column":25}}],"line":25},"3":{"loc":{"start":{"line":28,"column":15},"end":{"line":28,"column":24}},"type":"binary-expr","locations":[{"start":{"line":28,"column":15},"end":{"line":28,"column":18}},{"start":{"line":28,"column":22},"end":{"line":28,"column":24}}],"line":28},"4":{"loc":{"start":{"line":40,"column":16},"end":{"line":40,"column":25}},"type":"binary-expr","locations":[{"start":{"line":40,"column":16},"end":{"line":40,"column":19}},{"start":{"line":40,"column":23},"end":{"line":40,"column":25}}],"line":40},"5":{"loc":{"start":{"line":43,"column":15},"end":{"line":43,"column":24}},"type":"binary-expr","locations":[{"start":{"line":43,"column":15},"end":{"line":43,"column":18}},{"start":{"line":43,"column":22},"end":{"line":43,"column":24}}],"line":43},"6":{"loc":{"start":{"line":55,"column":16},"end":{"line":55,"column":25}},"type":"binary-expr","locations":[{"start":{"line":55,"column":16},"end":{"line":55,"column":19}},{"start":{"line":55,"column":23},"end":{"line":55,"column":25}}],"line":55},"7":{"loc":{"start":{"line":58,"column":15},"end":{"line":58,"column":24}},"type":"binary-expr","locations":[{"start":{"line":58,"column":15},"end":{"line":58,"column":18}},{"start":{"line":58,"column":22},"end":{"line":58,"column":24}}],"line":58},"8":{"loc":{"start":{"line":70,"column":16},"end":{"line":70,"column":25}},"type":"binary-expr","locations":[{"start":{"line":70,"column":16},"end":{"line":70,"column":19}},{"start":{"line":70,"column":23},"end":{"line":70,"column":25}}],"line":70},"9":{"loc":{"start":{"line":73,"column":15},"end":{"line":73,"column":24}},"type":"binary-expr","locations":[{"start":{"line":73,"column":15},"end":{"line":73,"column":18}},{"start":{"line":73,"column":22},"end":{"line":73,"column":24}}],"line":73}},"s":{"0":2,"1":0,"2":0,"3":0,"4":0,"5":2,"6":0,"7":0,"8":0,"9":0,"10":2,"11":0,"12":0,"13":0,"14":0,"15":2,"16":0,"17":0,"18":0,"19":0,"20":2,"21":0,"22":0,"23":0,"24":0},"f":{"0":0,"1":0,"2":0,"3":0,"4":0,"5":0,"6":0,"7":0,"8":0,"9":0,"10":0,"11":0,"12":0,"13":0,"14":0,"15":0,"16":0,"17":0,"18":0,"19":0},"b":{"0":[0,0],"1":[0,0],"2":[0,0],"3":[0,0],"4":[0,0],"5":[0,0],"6":[0,0],"7":[0,0],"8":[0,0],"9":[0,0]},"_coverageSchema":"43e27e138ebf9cfc5966b082cf9a028302ed4184","hash":"4b21c4b029d58d45fa0b3ab3088b2526755ac32d"}
,"/home/extramarks/Projects/Purple-React/src/app/basic-ui/EventDetails.js": {"path":"/home/extramarks/Projects/Purple-React/src/app/basic-ui/EventDetails.js","statementMap":{"0":{"start":{"line":11,"column":21},"end":{"line":106,"column":1}},"1":{"start":{"line":12,"column":32},"end":{"line":12,"column":44}},"2":{"start":{"line":13,"column":36},"end":{"line":13,"column":50}},"3":{"start":{"line":14,"column":18},"end":{"line":14,"column":30}},"4":{"start":{"line":16,"column":24},"end":{"line":28,"column":3}},"5":{"start":{"line":17,"column":19},"end":{"line":17,"column":21}},"6":{"start":{"line":18,"column":4},"end":{"line":27,"column":5}},"7":{"start":{"line":19,"column":53},"end":{"line":19,"column":73}},"8":{"start":{"line":20,"column":6},"end":{"line":20,"column":33}},"9":{"start":{"line":21,"column":6},"end":{"line":21,"column":35}},"10":{"start":{"line":23,"column":6},"end":{"line":23,"column":24}},"11":{"start":{"line":25,"column":6},"end":{"line":25,"column":26}},"12":{"start":{"line":26,"column":6},"end":{"line":26,"column":22}},"13":{"start":{"line":30,"column":2},"end":{"line":32,"column":9}},"14":{"start":{"line":31,"column":4},"end":{"line":31,"column":20}},"15":{"start":{"line":34,"column":2},"end":{"line":105,"column":4}},"16":{"start":{"line":41,"column":14},"end":{"line":41,"column":31}},"17":{"start":{"line":50,"column":44},"end":{"line":50,"column":61}},"18":{"start":{"line":67,"column":43},"end":{"line":67,"column":58}},"19":{"start":{"line":74,"column":42},"end":{"line":76,"column":23}},"20":{"start":{"line":77,"column":22},"end":{"line":93,"column":24}},"21":{"start":{"line":82,"column":30},"end":{"line":82,"column":71}}},"fnMap":{"0":{"name":"(anonymous_0)","decl":{"start":{"line":11,"column":21},"end":{"line":11,"column":22}},"loc":{"start":{"line":11,"column":27},"end":{"line":106,"column":1}},"line":11},"1":{"name":"(anonymous_1)","decl":{"start":{"line":16,"column":24},"end":{"line":16,"column":25}},"loc":{"start":{"line":16,"column":36},"end":{"line":28,"column":3}},"line":16},"2":{"name":"(anonymous_2)","decl":{"start":{"line":30,"column":12},"end":{"line":30,"column":13}},"loc":{"start":{"line":30,"column":18},"end":{"line":32,"column":3}},"line":30},"3":{"name":"(anonymous_3)","decl":{"start":{"line":40,"column":21},"end":{"line":40,"column":22}},"loc":{"start":{"line":40,"column":27},"end":{"line":42,"column":13}},"line":40},"4":{"name":"(anonymous_4)","decl":{"start":{"line":50,"column":38},"end":{"line":50,"column":39}},"loc":{"start":{"line":50,"column":44},"end":{"line":50,"column":61}},"line":50},"5":{"name":"(anonymous_5)","decl":{"start":{"line":67,"column":37},"end":{"line":67,"column":38}},"loc":{"start":{"line":67,"column":43},"end":{"line":67,"column":58}},"line":67},"6":{"name":"(anonymous_6)","decl":{"start":{"line":73,"column":33},"end":{"line":73,"column":34}},"loc":{"start":{"line":73,"column":45},"end":{"line":94,"column":21}},"line":73},"7":{"name":"(anonymous_7)","decl":{"start":{"line":81,"column":37},"end":{"line":81,"column":38}},"loc":{"start":{"line":81,"column":43},"end":{"line":83,"column":29}},"line":81}},"branchMap":{"0":{"loc":{"start":{"line":19,"column":20},"end":{"line":19,"column":48}},"type":"default-arg","locations":[{"start":{"line":19,"column":46},"end":{"line":19,"column":48}}],"line":19},"1":{"loc":{"start":{"line":19,"column":22},"end":{"line":19,"column":41}},"type":"default-arg","locations":[{"start":{"line":19,"column":39},"end":{"line":19,"column":41}}],"line":19},"2":{"loc":{"start":{"line":57,"column":7},"end":{"line":103,"column":7}},"type":"cond-expr","locations":[{"start":{"line":58,"column":8},"end":{"line":100,"column":14}},{"start":{"line":102,"column":8},"end":{"line":102,"column":16}}],"line":57}},"s":{"0":0,"1":0,"2":0,"3":0,"4":0,"5":0,"6":0,"7":0,"8":0,"9":0,"10":0,"11":0,"12":0,"13":0,"14":0,"15":0,"16":0,"17":0,"18":0,"19":0,"20":0,"21":0},"f":{"0":0,"1":0,"2":0,"3":0,"4":0,"5":0,"6":0,"7":0},"b":{"0":[0],"1":[0],"2":[0,0]},"hash":"50847b23cc39da6d6201bf2d246d38442d7499af"}
,"/home/extramarks/Projects/Purple-React/src/app/basic-ui/OrderFailedDetails.js": {"path":"/home/extramarks/Projects/Purple-React/src/app/basic-ui/OrderFailedDetails.js","statementMap":{"0":{"start":{"line":11,"column":27},"end":{"line":129,"column":1}},"1":{"start":{"line":12,"column":27},"end":{"line":12,"column":38}},"2":{"start":{"line":13,"column":32},"end":{"line":13,"column":44}},"3":{"start":{"line":14,"column":36},"end":{"line":14,"column":50}},"4":{"start":{"line":15,"column":48},"end":{"line":15,"column":60}},"5":{"start":{"line":16,"column":32},"end":{"line":16,"column":44}},"6":{"start":{"line":18,"column":18},"end":{"line":18,"column":30}},"7":{"start":{"line":20,"column":24},"end":{"line":34,"column":3}},"8":{"start":{"line":21,"column":19},"end":{"line":21,"column":21}},"9":{"start":{"line":22,"column":4},"end":{"line":33,"column":5}},"10":{"start":{"line":23,"column":6},"end":{"line":23,"column":25}},"11":{"start":{"line":24,"column":19},"end":{"line":24,"column":46}},"12":{"start":{"line":25,"column":6},"end":{"line":25,"column":23}},"13":{"start":{"line":26,"column":6},"end":{"line":26,"column":25}},"14":{"start":{"line":28,"column":6},"end":{"line":28,"column":24}},"15":{"start":{"line":30,"column":6},"end":{"line":30,"column":27}},"16":{"start":{"line":31,"column":6},"end":{"line":31,"column":26}},"17":{"start":{"line":32,"column":6},"end":{"line":32,"column":22}},"18":{"start":{"line":36,"column":25},"end":{"line":38,"column":3}},"19":{"start":{"line":37,"column":4},"end":{"line":37,"column":43}},"20":{"start":{"line":40,"column":23},"end":{"line":43,"column":3}},"21":{"start":{"line":45,"column":2},"end":{"line":47,"column":9}},"22":{"start":{"line":46,"column":4},"end":{"line":46,"column":20}},"23":{"start":{"line":49,"column":25},"end":{"line":67,"column":3}},"24":{"start":{"line":50,"column":4},"end":{"line":50,"column":60}},"25":{"start":{"line":50,"column":24},"end":{"line":50,"column":58}},"26":{"start":{"line":51,"column":26},"end":{"line":51,"column":61}},"27":{"start":{"line":52,"column":25},"end":{"line":52,"column":78}},"28":{"start":{"line":52,"column":54},"end":{"line":52,"column":77}},"29":{"start":{"line":53,"column":17},"end":{"line":53,"column":19}},"30":{"start":{"line":54,"column":4},"end":{"line":59,"column":5}},"31":{"start":{"line":55,"column":48},"end":{"line":55,"column":68}},"32":{"start":{"line":56,"column":6},"end":{"line":56,"column":25}},"33":{"start":{"line":58,"column":6},"end":{"line":58,"column":29}},"34":{"start":{"line":60,"column":4},"end":{"line":66,"column":11}},"35":{"start":{"line":61,"column":6},"end":{"line":63,"column":7}},"36":{"start":{"line":62,"column":8},"end":{"line":62,"column":55}},"37":{"start":{"line":64,"column":6},"end":{"line":64,"column":31}},"38":{"start":{"line":65,"column":6},"end":{"line":65,"column":64}},"39":{"start":{"line":65,"column":26},"end":{"line":65,"column":62}},"40":{"start":{"line":68,"column":2},"end":{"line":128,"column":4}},"41":{"start":{"line":75,"column":14},"end":{"line":75,"column":31}},"42":{"start":{"line":82,"column":44},"end":{"line":82,"column":61}},"43":{"start":{"line":85,"column":44},"end":{"line":85,"column":60}},"44":{"start":{"line":102,"column":31},"end":{"line":102,"column":46}},"45":{"start":{"line":112,"column":29},"end":{"line":112,"column":51}}},"fnMap":{"0":{"name":"(anonymous_0)","decl":{"start":{"line":11,"column":27},"end":{"line":11,"column":28}},"loc":{"start":{"line":11,"column":33},"end":{"line":129,"column":1}},"line":11},"1":{"name":"(anonymous_1)","decl":{"start":{"line":20,"column":24},"end":{"line":20,"column":25}},"loc":{"start":{"line":20,"column":36},"end":{"line":34,"column":3}},"line":20},"2":{"name":"(anonymous_2)","decl":{"start":{"line":36,"column":25},"end":{"line":36,"column":26}},"loc":{"start":{"line":36,"column":49},"end":{"line":38,"column":3}},"line":36},"3":{"name":"(anonymous_3)","decl":{"start":{"line":45,"column":12},"end":{"line":45,"column":13}},"loc":{"start":{"line":45,"column":18},"end":{"line":47,"column":3}},"line":45},"4":{"name":"(anonymous_4)","decl":{"start":{"line":49,"column":25},"end":{"line":49,"column":26}},"loc":{"start":{"line":49,"column":48},"end":{"line":67,"column":3}},"line":49},"5":{"name":"(anonymous_5)","decl":{"start":{"line":50,"column":15},"end":{"line":50,"column":16}},"loc":{"start":{"line":50,"column":24},"end":{"line":50,"column":58}},"line":50},"6":{"name":"(anonymous_6)","decl":{"start":{"line":52,"column":49},"end":{"line":52,"column":50}},"loc":{"start":{"line":52,"column":54},"end":{"line":52,"column":77}},"line":52},"7":{"name":"(anonymous_7)","decl":{"start":{"line":60,"column":15},"end":{"line":60,"column":16}},"loc":{"start":{"line":60,"column":21},"end":{"line":66,"column":5}},"line":60},"8":{"name":"(anonymous_8)","decl":{"start":{"line":65,"column":17},"end":{"line":65,"column":18}},"loc":{"start":{"line":65,"column":26},"end":{"line":65,"column":62}},"line":65},"9":{"name":"(anonymous_9)","decl":{"start":{"line":74,"column":21},"end":{"line":74,"column":22}},"loc":{"start":{"line":74,"column":27},"end":{"line":76,"column":13}},"line":74},"10":{"name":"(anonymous_10)","decl":{"start":{"line":82,"column":38},"end":{"line":82,"column":39}},"loc":{"start":{"line":82,"column":44},"end":{"line":82,"column":61}},"line":82},"11":{"name":"(anonymous_11)","decl":{"start":{"line":85,"column":38},"end":{"line":85,"column":39}},"loc":{"start":{"line":85,"column":44},"end":{"line":85,"column":60}},"line":85},"12":{"name":"(anonymous_12)","decl":{"start":{"line":102,"column":25},"end":{"line":102,"column":26}},"loc":{"start":{"line":102,"column":31},"end":{"line":102,"column":46}},"line":102},"13":{"name":"(anonymous_13)","decl":{"start":{"line":112,"column":23},"end":{"line":112,"column":24}},"loc":{"start":{"line":112,"column":29},"end":{"line":112,"column":51}},"line":112}},"branchMap":{"0":{"loc":{"start":{"line":12,"column":10},"end":{"line":12,"column":22}},"type":"default-arg","locations":[{"start":{"line":12,"column":20},"end":{"line":12,"column":22}}],"line":12},"1":{"loc":{"start":{"line":55,"column":20},"end":{"line":55,"column":43}},"type":"default-arg","locations":[{"start":{"line":55,"column":41},"end":{"line":55,"column":43}}],"line":55},"2":{"loc":{"start":{"line":55,"column":22},"end":{"line":55,"column":37}},"type":"default-arg","locations":[{"start":{"line":55,"column":35},"end":{"line":55,"column":37}}],"line":55},"3":{"loc":{"start":{"line":61,"column":6},"end":{"line":63,"column":7}},"type":"if","locations":[{"start":{"line":61,"column":6},"end":{"line":63,"column":7}},{"start":{"line":61,"column":6},"end":{"line":63,"column":7}}],"line":61}},"s":{"0":1,"1":0,"2":0,"3":0,"4":0,"5":0,"6":0,"7":0,"8":0,"9":0,"10":0,"11":0,"12":0,"13":0,"14":0,"15":0,"16":0,"17":0,"18":0,"19":0,"20":0,"21":0,"22":0,"23":0,"24":0,"25":0,"26":0,"27":0,"28":0,"29":0,"30":0,"31":0,"32":0,"33":0,"34":0,"35":0,"36":0,"37":0,"38":0,"39":0,"40":0,"41":0,"42":0,"43":0,"44":0,"45":0},"f":{"0":0,"1":0,"2":0,"3":0,"4":0,"5":0,"6":0,"7":0,"8":0,"9":0,"10":0,"11":0,"12":0,"13":0},"b":{"0":[0],"1":[0],"2":[0],"3":[0,0]},"_coverageSchema":"43e27e138ebf9cfc5966b082cf9a028302ed4184","hash":"e9f6acb8bbcfba4a684242f607cc37dd212c75fa"}
,"/home/extramarks/Projects/Purple-React/src/app/dashboard/Dashboard.js": {"path":"/home/extramarks/Projects/Purple-React/src/app/dashboard/Dashboard.js","statementMap":{"0":{"start":{"line":8,"column":33},"end":{"line":52,"column":1}},"1":{"start":{"line":55,"column":18},"end":{"line":334,"column":1}},"2":{"start":{"line":56,"column":40},"end":{"line":56,"column":52}},"3":{"start":{"line":57,"column":36},"end":{"line":57,"column":50}},"4":{"start":{"line":58,"column":44},"end":{"line":58,"column":56}},"5":{"start":{"line":59,"column":27},"end":{"line":59,"column":51}},"6":{"start":{"line":60,"column":40},"end":{"line":60,"column":52}},"7":{"start":{"line":61,"column":42},"end":{"line":61,"column":56}},"8":{"start":{"line":62,"column":25},"end":{"line":69,"column":3}},"9":{"start":{"line":72,"column":21},"end":{"line":87,"column":3}},"10":{"start":{"line":73,"column":4},"end":{"line":73,"column":23}},"11":{"start":{"line":74,"column":20},"end":{"line":74,"column":30}},"12":{"start":{"line":75,"column":4},"end":{"line":86,"column":5}},"13":{"start":{"line":76,"column":42},"end":{"line":76,"column":66}},"14":{"start":{"line":77,"column":6},"end":{"line":77,"column":35}},"15":{"start":{"line":78,"column":6},"end":{"line":78,"column":31}},"16":{"start":{"line":79,"column":6},"end":{"line":79,"column":29}},"17":{"start":{"line":81,"column":6},"end":{"line":81,"column":24}},"18":{"start":{"line":83,"column":6},"end":{"line":83,"column":35}},"19":{"start":{"line":84,"column":6},"end":{"line":84,"column":26}},"20":{"start":{"line":85,"column":6},"end":{"line":85,"column":23}},"21":{"start":{"line":89,"column":30},"end":{"line":213,"column":3}},"22":{"start":{"line":90,"column":17},"end":{"line":90,"column":35}},"23":{"start":{"line":91,"column":14},"end":{"line":91,"column":73}},"24":{"start":{"line":92,"column":4},"end":{"line":212,"column":5}},"25":{"start":{"line":93,"column":25},"end":{"line":93,"column":63}},"26":{"start":{"line":94,"column":6},"end":{"line":94,"column":61}},"27":{"start":{"line":95,"column":6},"end":{"line":95,"column":61}},"28":{"start":{"line":97,"column":25},"end":{"line":97,"column":63}},"29":{"start":{"line":98,"column":6},"end":{"line":98,"column":60}},"30":{"start":{"line":99,"column":6},"end":{"line":99,"column":59}},"31":{"start":{"line":101,"column":25},"end":{"line":101,"column":63}},"32":{"start":{"line":102,"column":6},"end":{"line":102,"column":59}},"33":{"start":{"line":103,"column":6},"end":{"line":103,"column":61}},"34":{"start":{"line":105,"column":25},"end":{"line":105,"column":63}},"35":{"start":{"line":106,"column":6},"end":{"line":106,"column":61}},"36":{"start":{"line":107,"column":6},"end":{"line":107,"column":60}},"37":{"start":{"line":109,"column":27},"end":{"line":109,"column":65}},"38":{"start":{"line":110,"column":6},"end":{"line":110,"column":63}},"39":{"start":{"line":111,"column":6},"end":{"line":111,"column":63}},"40":{"start":{"line":113,"column":27},"end":{"line":113,"column":65}},"41":{"start":{"line":114,"column":6},"end":{"line":114,"column":62}},"42":{"start":{"line":115,"column":6},"end":{"line":115,"column":61}},"43":{"start":{"line":117,"column":27},"end":{"line":117,"column":65}},"44":{"start":{"line":118,"column":6},"end":{"line":118,"column":61}},"45":{"start":{"line":119,"column":6},"end":{"line":119,"column":63}},"46":{"start":{"line":121,"column":27},"end":{"line":121,"column":65}},"47":{"start":{"line":122,"column":6},"end":{"line":122,"column":63}},"48":{"start":{"line":123,"column":6},"end":{"line":123,"column":62}},"49":{"start":{"line":125,"column":31},"end":{"line":174,"column":7}},"50":{"start":{"line":135,"column":45},"end":{"line":173,"column":9}},"51":{"start":{"line":176,"column":29},"end":{"line":209,"column":7}},"52":{"start":{"line":208,"column":32},"end":{"line":208,"column":39}},"53":{"start":{"line":210,"column":6},"end":{"line":210,"column":41}},"54":{"start":{"line":211,"column":6},"end":{"line":211,"column":37}},"55":{"start":{"line":215,"column":2},"end":{"line":221,"column":9}},"56":{"start":{"line":216,"column":15},"end":{"line":218,"column":11}},"57":{"start":{"line":217,"column":6},"end":{"line":217,"column":28}},"58":{"start":{"line":219,"column":4},"end":{"line":219,"column":26}},"59":{"start":{"line":220,"column":4},"end":{"line":220,"column":33}},"60":{"start":{"line":220,"column":17},"end":{"line":220,"column":33}},"61":{"start":{"line":223,"column":2},"end":{"line":333,"column":4}},"62":{"start":{"line":245,"column":10},"end":{"line":268,"column":16}},"63":{"start":{"line":286,"column":22},"end":{"line":291,"column":27}},"64":{"start":{"line":317,"column":20},"end":{"line":323,"column":25}}},"fnMap":{"0":{"name":"(anonymous_0)","decl":{"start":{"line":55,"column":18},"end":{"line":55,"column":19}},"loc":{"start":{"line":55,"column":24},"end":{"line":334,"column":1}},"line":55},"1":{"name":"(anonymous_1)","decl":{"start":{"line":72,"column":21},"end":{"line":72,"column":22}},"loc":{"start":{"line":72,"column":33},"end":{"line":87,"column":3}},"line":72},"2":{"name":"(anonymous_2)","decl":{"start":{"line":89,"column":30},"end":{"line":89,"column":31}},"loc":{"start":{"line":89,"column":42},"end":{"line":213,"column":3}},"line":89},"3":{"name":"(anonymous_3)","decl":{"start":{"line":135,"column":32},"end":{"line":135,"column":33}},"loc":{"start":{"line":135,"column":45},"end":{"line":173,"column":9}},"line":135},"4":{"name":"(anonymous_4)","decl":{"start":{"line":208,"column":25},"end":{"line":208,"column":26}},"loc":{"start":{"line":208,"column":32},"end":{"line":208,"column":39}},"line":208},"5":{"name":"(anonymous_5)","decl":{"start":{"line":215,"column":12},"end":{"line":215,"column":13}},"loc":{"start":{"line":215,"column":18},"end":{"line":221,"column":3}},"line":215},"6":{"name":"(anonymous_6)","decl":{"start":{"line":216,"column":26},"end":{"line":216,"column":27}},"loc":{"start":{"line":216,"column":30},"end":{"line":218,"column":5}},"line":216},"7":{"name":"(anonymous_7)","decl":{"start":{"line":220,"column":11},"end":{"line":220,"column":12}},"loc":{"start":{"line":220,"column":17},"end":{"line":220,"column":33}},"line":220},"8":{"name":"(anonymous_8)","decl":{"start":{"line":244,"column":47},"end":{"line":244,"column":48}},"loc":{"start":{"line":245,"column":10},"end":{"line":268,"column":16}},"line":245},"9":{"name":"(anonymous_9)","decl":{"start":{"line":285,"column":59},"end":{"line":285,"column":60}},"loc":{"start":{"line":286,"column":22},"end":{"line":291,"column":27}},"line":286},"10":{"name":"(anonymous_10)","decl":{"start":{"line":316,"column":35},"end":{"line":316,"column":36}},"loc":{"start":{"line":317,"column":20},"end":{"line":323,"column":25}},"line":317}},"branchMap":{"0":{"loc":{"start":{"line":76,"column":20},"end":{"line":76,"column":38}},"type":"default-arg","locations":[{"start":{"line":76,"column":36},"end":{"line":76,"column":38}}],"line":76},"1":{"loc":{"start":{"line":76,"column":22},"end":{"line":76,"column":31}},"type":"default-arg","locations":[{"start":{"line":76,"column":30},"end":{"line":76,"column":31}}],"line":76},"2":{"loc":{"start":{"line":92,"column":4},"end":{"line":212,"column":5}},"type":"if","locations":[{"start":{"line":92,"column":4},"end":{"line":212,"column":5}},{"start":{"line":92,"column":4},"end":{"line":212,"column":5}}],"line":92},"3":{"loc":{"start":{"line":138,"column":12},"end":{"line":144,"column":28}},"type":"cond-expr","locations":[{"start":{"line":139,"column":16},"end":{"line":139,"column":28}},{"start":{"line":140,"column":16},"end":{"line":144,"column":28}}],"line":138},"4":{"loc":{"start":{"line":140,"column":16},"end":{"line":144,"column":28}},"type":"cond-expr","locations":[{"start":{"line":141,"column":16},"end":{"line":141,"column":28}},{"start":{"line":142,"column":16},"end":{"line":144,"column":28}}],"line":140},"5":{"loc":{"start":{"line":142,"column":16},"end":{"line":144,"column":28}},"type":"cond-expr","locations":[{"start":{"line":143,"column":16},"end":{"line":143,"column":28}},{"start":{"line":144,"column":16},"end":{"line":144,"column":28}}],"line":142},"6":{"loc":{"start":{"line":146,"column":12},"end":{"line":152,"column":28}},"type":"cond-expr","locations":[{"start":{"line":147,"column":16},"end":{"line":147,"column":28}},{"start":{"line":148,"column":16},"end":{"line":152,"column":28}}],"line":146},"7":{"loc":{"start":{"line":148,"column":16},"end":{"line":152,"column":28}},"type":"cond-expr","locations":[{"start":{"line":149,"column":16},"end":{"line":149,"column":28}},{"start":{"line":150,"column":16},"end":{"line":152,"column":28}}],"line":148},"8":{"loc":{"start":{"line":150,"column":16},"end":{"line":152,"column":28}},"type":"cond-expr","locations":[{"start":{"line":151,"column":16},"end":{"line":151,"column":28}},{"start":{"line":152,"column":16},"end":{"line":152,"column":28}}],"line":150},"9":{"loc":{"start":{"line":154,"column":12},"end":{"line":160,"column":28}},"type":"cond-expr","locations":[{"start":{"line":155,"column":16},"end":{"line":155,"column":28}},{"start":{"line":156,"column":16},"end":{"line":160,"column":28}}],"line":154},"10":{"loc":{"start":{"line":156,"column":16},"end":{"line":160,"column":28}},"type":"cond-expr","locations":[{"start":{"line":157,"column":16},"end":{"line":157,"column":28}},{"start":{"line":158,"column":16},"end":{"line":160,"column":28}}],"line":156},"11":{"loc":{"start":{"line":158,"column":16},"end":{"line":160,"column":28}},"type":"cond-expr","locations":[{"start":{"line":159,"column":16},"end":{"line":159,"column":28}},{"start":{"line":160,"column":16},"end":{"line":160,"column":28}}],"line":158},"12":{"loc":{"start":{"line":162,"column":12},"end":{"line":168,"column":28}},"type":"cond-expr","locations":[{"start":{"line":163,"column":16},"end":{"line":163,"column":28}},{"start":{"line":164,"column":16},"end":{"line":168,"column":28}}],"line":162},"13":{"loc":{"start":{"line":164,"column":16},"end":{"line":168,"column":28}},"type":"cond-expr","locations":[{"start":{"line":165,"column":16},"end":{"line":165,"column":28}},{"start":{"line":166,"column":16},"end":{"line":168,"column":28}}],"line":164},"14":{"loc":{"start":{"line":166,"column":16},"end":{"line":168,"column":28}},"type":"cond-expr","locations":[{"start":{"line":167,"column":16},"end":{"line":167,"column":28}},{"start":{"line":168,"column":16},"end":{"line":168,"column":28}}],"line":166},"15":{"loc":{"start":{"line":244,"column":9},"end":{"line":269,"column":10}},"type":"binary-expr","locations":[{"start":{"line":244,"column":9},"end":{"line":244,"column":27}},{"start":{"line":244,"column":31},"end":{"line":269,"column":10}}],"line":244},"16":{"loc":{"start":{"line":246,"column":13},"end":{"line":266,"column":18}},"type":"cond-expr","locations":[{"start":{"line":246,"column":43},"end":{"line":246,"column":64}},{"start":{"line":247,"column":12},"end":{"line":266,"column":18}}],"line":246},"17":{"loc":{"start":{"line":246,"column":14},"end":{"line":246,"column":39}},"type":"binary-expr","locations":[{"start":{"line":246,"column":14},"end":{"line":246,"column":26}},{"start":{"line":246,"column":30},"end":{"line":246,"column":39}}],"line":246},"18":{"loc":{"start":{"line":273,"column":7},"end":{"line":331,"column":14}},"type":"cond-expr","locations":[{"start":{"line":274,"column":6},"end":{"line":330,"column":12}},{"start":{"line":331,"column":10},"end":{"line":331,"column":14}}],"line":273},"19":{"loc":{"start":{"line":285,"column":21},"end":{"line":292,"column":22}},"type":"binary-expr","locations":[{"start":{"line":285,"column":21},"end":{"line":285,"column":39}},{"start":{"line":285,"column":43},"end":{"line":292,"column":22}}],"line":285}},"s":{"0":1,"1":1,"2":2,"3":2,"4":2,"5":2,"6":2,"7":2,"8":2,"9":2,"10":1,"11":1,"12":1,"13":1,"14":0,"15":0,"16":0,"17":1,"18":1,"19":1,"20":1,"21":2,"22":1,"23":1,"24":1,"25":0,"26":0,"27":0,"28":0,"29":0,"30":0,"31":0,"32":0,"33":0,"34":0,"35":0,"36":0,"37":0,"38":0,"39":0,"40":0,"41":0,"42":0,"43":0,"44":0,"45":0,"46":0,"47":0,"48":0,"49":0,"50":0,"51":0,"52":0,"53":0,"54":0,"55":2,"56":1,"57":0,"58":1,"59":1,"60":1,"61":2,"62":4,"63":4,"64":4},"f":{"0":2,"1":1,"2":1,"3":0,"4":0,"5":1,"6":0,"7":1,"8":4,"9":4,"10":4},"b":{"0":[0],"1":[0],"2":[0,1],"3":[0,0],"4":[0,0],"5":[0,0],"6":[0,0],"7":[0,0],"8":[0,0],"9":[0,0],"10":[0,0],"11":[0,0],"12":[0,0],"13":[0,0],"14":[0,0],"15":[2,1],"16":[4,0],"17":[4,0],"18":[1,1],"19":[1,1]},"_coverageSchema":"43e27e138ebf9cfc5966b082cf9a028302ed4184","hash":"d4528ddf55fa4334b444e5839e4d2aab32f40a65"}
,"/home/extramarks/Projects/Purple-React/src/app/error-pages/Error404.js": {"path":"/home/extramarks/Projects/Purple-React/src/app/error-pages/Error404.js","statementMap":{"0":{"start":{"line":6,"column":4},"end":{"line":29,"column":5}}},"fnMap":{"0":{"name":"(anonymous_0)","decl":{"start":{"line":5,"column":2},"end":{"line":5,"column":3}},"loc":{"start":{"line":5,"column":11},"end":{"line":30,"column":3}},"line":5}},"branchMap":{},"s":{"0":0},"f":{"0":0},"b":{},"hash":"923e0ee9c9b229c03b35c2876fd46979d9c7c9d4"}
,"/home/extramarks/Projects/Purple-React/src/app/shared/Navbar.js": {"path":"/home/extramarks/Projects/Purple-React/src/app/shared/Navbar.js","statementMap":{"0":{"start":{"line":5,"column":15},"end":{"line":261,"column":1}},"1":{"start":{"line":6,"column":26},"end":{"line":8,"column":3}},"2":{"start":{"line":7,"column":4},"end":{"line":7,"column":76}},"3":{"start":{"line":10,"column":2},"end":{"line":260,"column":4}},"4":{"start":{"line":30,"column":25},"end":{"line":30,"column":76}},"5":{"start":{"line":69,"column":36},"end":{"line":69,"column":56}},"6":{"start":{"line":76,"column":36},"end":{"line":76,"column":56}},"7":{"start":{"line":98,"column":36},"end":{"line":98,"column":56}},"8":{"start":{"line":119,"column":36},"end":{"line":119,"column":56}},"9":{"start":{"line":140,"column":36},"end":{"line":140,"column":56}},"10":{"start":{"line":178,"column":36},"end":{"line":178,"column":56}},"11":{"start":{"line":199,"column":36},"end":{"line":199,"column":56}},"12":{"start":{"line":218,"column":36},"end":{"line":218,"column":56}},"13":{"start":{"line":245,"column":34},"end":{"line":245,"column":56}}},"fnMap":{"0":{"name":"(anonymous_0)","decl":{"start":{"line":5,"column":15},"end":{"line":5,"column":16}},"loc":{"start":{"line":5,"column":21},"end":{"line":261,"column":1}},"line":5},"1":{"name":"(anonymous_1)","decl":{"start":{"line":6,"column":26},"end":{"line":6,"column":27}},"loc":{"start":{"line":6,"column":32},"end":{"line":8,"column":3}},"line":6},"2":{"name":"(anonymous_2)","decl":{"start":{"line":30,"column":19},"end":{"line":30,"column":20}},"loc":{"start":{"line":30,"column":25},"end":{"line":30,"column":76}},"line":30},"3":{"name":"(anonymous_3)","decl":{"start":{"line":69,"column":27},"end":{"line":69,"column":28}},"loc":{"start":{"line":69,"column":36},"end":{"line":69,"column":56}},"line":69},"4":{"name":"(anonymous_4)","decl":{"start":{"line":76,"column":27},"end":{"line":76,"column":28}},"loc":{"start":{"line":76,"column":36},"end":{"line":76,"column":56}},"line":76},"5":{"name":"(anonymous_5)","decl":{"start":{"line":98,"column":27},"end":{"line":98,"column":28}},"loc":{"start":{"line":98,"column":36},"end":{"line":98,"column":56}},"line":98},"6":{"name":"(anonymous_6)","decl":{"start":{"line":119,"column":27},"end":{"line":119,"column":28}},"loc":{"start":{"line":119,"column":36},"end":{"line":119,"column":56}},"line":119},"7":{"name":"(anonymous_7)","decl":{"start":{"line":140,"column":27},"end":{"line":140,"column":28}},"loc":{"start":{"line":140,"column":36},"end":{"line":140,"column":56}},"line":140},"8":{"name":"(anonymous_8)","decl":{"start":{"line":178,"column":27},"end":{"line":178,"column":28}},"loc":{"start":{"line":178,"column":36},"end":{"line":178,"column":56}},"line":178},"9":{"name":"(anonymous_9)","decl":{"start":{"line":199,"column":27},"end":{"line":199,"column":28}},"loc":{"start":{"line":199,"column":36},"end":{"line":199,"column":56}},"line":199},"10":{"name":"(anonymous_10)","decl":{"start":{"line":218,"column":27},"end":{"line":218,"column":28}},"loc":{"start":{"line":218,"column":36},"end":{"line":218,"column":56}},"line":218},"11":{"name":"(anonymous_11)","decl":{"start":{"line":245,"column":23},"end":{"line":245,"column":24}},"loc":{"start":{"line":245,"column":34},"end":{"line":245,"column":56}},"line":245}},"branchMap":{},"s":{"0":1,"1":0,"2":0,"3":0,"4":0,"5":0,"6":0,"7":0,"8":0,"9":0,"10":0,"11":0,"12":0,"13":0},"f":{"0":0,"1":0,"2":0,"3":0,"4":0,"5":0,"6":0,"7":0,"8":0,"9":0,"10":0,"11":0},"b":{},"_coverageSchema":"43e27e138ebf9cfc5966b082cf9a028302ed4184","hash":"c2f1c9087b15d29d3e6c0ab9ca40e6b3a254d3e3"}
,"/home/extramarks/Projects/Purple-React/src/app/shared/Sidebar.js": {"path":"/home/extramarks/Projects/Purple-React/src/app/shared/Sidebar.js","statementMap":{"0":{"start":{"line":5,"column":16},"end":{"line":243,"column":1}},"1":{"start":{"line":6,"column":28},"end":{"line":6,"column":40}},"2":{"start":{"line":7,"column":19},"end":{"line":7,"column":32}},"3":{"start":{"line":8,"column":26},"end":{"line":19,"column":3}},"4":{"start":{"line":9,"column":4},"end":{"line":18,"column":5}},"5":{"start":{"line":10,"column":6},"end":{"line":10,"column":39}},"6":{"start":{"line":11,"column":11},"end":{"line":18,"column":5}},"7":{"start":{"line":12,"column":6},"end":{"line":12,"column":38}},"8":{"start":{"line":14,"column":6},"end":{"line":16,"column":9}},"9":{"start":{"line":15,"column":8},"end":{"line":15,"column":33}},"10":{"start":{"line":17,"column":6},"end":{"line":17,"column":38}},"11":{"start":{"line":21,"column":2},"end":{"line":37,"column":9}},"12":{"start":{"line":22,"column":4},"end":{"line":22,"column":21}},"13":{"start":{"line":24,"column":17},"end":{"line":24,"column":47}},"14":{"start":{"line":25,"column":4},"end":{"line":36,"column":7}},"15":{"start":{"line":26,"column":6},"end":{"line":30,"column":9}},"16":{"start":{"line":27,"column":8},"end":{"line":29,"column":9}},"17":{"start":{"line":28,"column":10},"end":{"line":28,"column":41}},"18":{"start":{"line":31,"column":6},"end":{"line":35,"column":9}},"19":{"start":{"line":32,"column":8},"end":{"line":34,"column":9}},"20":{"start":{"line":33,"column":10},"end":{"line":33,"column":44}},"21":{"start":{"line":39,"column":2},"end":{"line":41,"column":17}},"22":{"start":{"line":40,"column":4},"end":{"line":40,"column":21}},"23":{"start":{"line":43,"column":23},"end":{"line":45,"column":3}},"24":{"start":{"line":44,"column":4},"end":{"line":44,"column":46}},"25":{"start":{"line":47,"column":25},"end":{"line":64,"column":3}},"26":{"start":{"line":48,"column":4},"end":{"line":48,"column":66}},"27":{"start":{"line":49,"column":4},"end":{"line":51,"column":7}},"28":{"start":{"line":50,"column":6},"end":{"line":50,"column":31}},"29":{"start":{"line":53,"column":26},"end":{"line":57,"column":5}},"30":{"start":{"line":59,"column":4},"end":{"line":63,"column":7}},"31":{"start":{"line":60,"column":6},"end":{"line":62,"column":7}},"32":{"start":{"line":61,"column":8},"end":{"line":61,"column":40}},"33":{"start":{"line":66,"column":2},"end":{"line":242,"column":4}},"34":{"start":{"line":84,"column":27},"end":{"line":84,"column":59}},"35":{"start":{"line":115,"column":27},"end":{"line":115,"column":62}},"36":{"start":{"line":196,"column":27},"end":{"line":196,"column":63}}},"fnMap":{"0":{"name":"(anonymous_0)","decl":{"start":{"line":5,"column":16},"end":{"line":5,"column":17}},"loc":{"start":{"line":5,"column":22},"end":{"line":243,"column":1}},"line":5},"1":{"name":"(anonymous_1)","decl":{"start":{"line":8,"column":26},"end":{"line":8,"column":27}},"loc":{"start":{"line":8,"column":41},"end":{"line":19,"column":3}},"line":8},"2":{"name":"(anonymous_2)","decl":{"start":{"line":14,"column":33},"end":{"line":14,"column":34}},"loc":{"start":{"line":14,"column":40},"end":{"line":16,"column":7}},"line":14},"3":{"name":"(anonymous_3)","decl":{"start":{"line":21,"column":12},"end":{"line":21,"column":13}},"loc":{"start":{"line":21,"column":18},"end":{"line":37,"column":3}},"line":21},"4":{"name":"(anonymous_4)","decl":{"start":{"line":25,"column":60},"end":{"line":25,"column":61}},"loc":{"start":{"line":25,"column":68},"end":{"line":36,"column":5}},"line":25},"5":{"name":"(anonymous_5)","decl":{"start":{"line":26,"column":39},"end":{"line":26,"column":40}},"loc":{"start":{"line":26,"column":51},"end":{"line":30,"column":7}},"line":26},"6":{"name":"(anonymous_6)","decl":{"start":{"line":31,"column":38},"end":{"line":31,"column":39}},"loc":{"start":{"line":31,"column":50},"end":{"line":35,"column":7}},"line":31},"7":{"name":"(anonymous_7)","decl":{"start":{"line":39,"column":12},"end":{"line":39,"column":13}},"loc":{"start":{"line":39,"column":18},"end":{"line":41,"column":3}},"line":39},"8":{"name":"(anonymous_8)","decl":{"start":{"line":43,"column":23},"end":{"line":43,"column":24}},"loc":{"start":{"line":43,"column":33},"end":{"line":45,"column":3}},"line":43},"9":{"name":"(anonymous_9)","decl":{"start":{"line":47,"column":25},"end":{"line":47,"column":26}},"loc":{"start":{"line":47,"column":31},"end":{"line":64,"column":3}},"line":47},"10":{"name":"(anonymous_10)","decl":{"start":{"line":49,"column":31},"end":{"line":49,"column":32}},"loc":{"start":{"line":49,"column":38},"end":{"line":51,"column":5}},"line":49},"11":{"name":"(anonymous_11)","decl":{"start":{"line":59,"column":26},"end":{"line":59,"column":27}},"loc":{"start":{"line":59,"column":35},"end":{"line":63,"column":5}},"line":59},"12":{"name":"(anonymous_12)","decl":{"start":{"line":84,"column":21},"end":{"line":84,"column":22}},"loc":{"start":{"line":84,"column":27},"end":{"line":84,"column":59}},"line":84},"13":{"name":"(anonymous_13)","decl":{"start":{"line":115,"column":21},"end":{"line":115,"column":22}},"loc":{"start":{"line":115,"column":27},"end":{"line":115,"column":62}},"line":115},"14":{"name":"(anonymous_14)","decl":{"start":{"line":196,"column":21},"end":{"line":196,"column":22}},"loc":{"start":{"line":196,"column":27},"end":{"line":196,"column":63}},"line":196}},"branchMap":{"0":{"loc":{"start":{"line":9,"column":4},"end":{"line":18,"column":5}},"type":"if","locations":[{"start":{"line":9,"column":4},"end":{"line":18,"column":5}},{"start":{"line":9,"column":4},"end":{"line":18,"column":5}}],"line":9},"1":{"loc":{"start":{"line":11,"column":11},"end":{"line":18,"column":5}},"type":"if","locations":[{"start":{"line":11,"column":11},"end":{"line":18,"column":5}},{"start":{"line":11,"column":11},"end":{"line":18,"column":5}}],"line":11},"2":{"loc":{"start":{"line":27,"column":8},"end":{"line":29,"column":9}},"type":"if","locations":[{"start":{"line":27,"column":8},"end":{"line":29,"column":9}},{"start":{"line":27,"column":8},"end":{"line":29,"column":9}}],"line":27},"3":{"loc":{"start":{"line":32,"column":8},"end":{"line":34,"column":9}},"type":"if","locations":[{"start":{"line":32,"column":8},"end":{"line":34,"column":9}},{"start":{"line":32,"column":8},"end":{"line":34,"column":9}}],"line":32},"4":{"loc":{"start":{"line":60,"column":6},"end":{"line":62,"column":7}},"type":"if","locations":[{"start":{"line":60,"column":6},"end":{"line":62,"column":7}},{"start":{"line":60,"column":6},"end":{"line":62,"column":7}}],"line":60},"5":{"loc":{"start":{"line":70,"column":21},"end":{"line":70,"column":79}},"type":"cond-expr","locations":[{"start":{"line":70,"column":49},"end":{"line":70,"column":66}},{"start":{"line":70,"column":69},"end":{"line":70,"column":79}}],"line":70},"6":{"loc":{"start":{"line":78,"column":21},"end":{"line":78,"column":77}},"type":"cond-expr","locations":[{"start":{"line":78,"column":47},"end":{"line":78,"column":64}},{"start":{"line":78,"column":67},"end":{"line":78,"column":77}}],"line":78},"7":{"loc":{"start":{"line":82,"column":14},"end":{"line":82,"column":73}},"type":"cond-expr","locations":[{"start":{"line":82,"column":36},"end":{"line":82,"column":60}},{"start":{"line":82,"column":63},"end":{"line":82,"column":73}}],"line":82},"8":{"loc":{"start":{"line":96,"column":20},"end":{"line":98,"column":34}},"type":"cond-expr","locations":[{"start":{"line":97,"column":24},"end":{"line":97,"column":41}},{"start":{"line":98,"column":24},"end":{"line":98,"column":34}}],"line":96},"9":{"loc":{"start":{"line":109,"column":21},"end":{"line":109,"column":79}},"type":"cond-expr","locations":[{"start":{"line":109,"column":49},"end":{"line":109,"column":66}},{"start":{"line":109,"column":69},"end":{"line":109,"column":79}}],"line":109},"10":{"loc":{"start":{"line":113,"column":14},"end":{"line":113,"column":76}},"type":"cond-expr","locations":[{"start":{"line":113,"column":39},"end":{"line":113,"column":63}},{"start":{"line":113,"column":66},"end":{"line":113,"column":76}}],"line":113},"11":{"loc":{"start":{"line":127,"column":20},"end":{"line":129,"column":34}},"type":"cond-expr","locations":[{"start":{"line":128,"column":24},"end":{"line":128,"column":41}},{"start":{"line":129,"column":24},"end":{"line":129,"column":34}}],"line":127},"12":{"loc":{"start":{"line":139,"column":20},"end":{"line":141,"column":34}},"type":"cond-expr","locations":[{"start":{"line":140,"column":24},"end":{"line":140,"column":41}},{"start":{"line":141,"column":24},"end":{"line":141,"column":34}}],"line":139},"13":{"loc":{"start":{"line":151,"column":20},"end":{"line":153,"column":34}},"type":"cond-expr","locations":[{"start":{"line":152,"column":24},"end":{"line":152,"column":41}},{"start":{"line":153,"column":24},"end":{"line":153,"column":34}}],"line":151},"14":{"loc":{"start":{"line":163,"column":20},"end":{"line":165,"column":34}},"type":"cond-expr","locations":[{"start":{"line":164,"column":24},"end":{"line":164,"column":41}},{"start":{"line":165,"column":24},"end":{"line":165,"column":34}}],"line":163},"15":{"loc":{"start":{"line":175,"column":20},"end":{"line":177,"column":34}},"type":"cond-expr","locations":[{"start":{"line":176,"column":24},"end":{"line":176,"column":41}},{"start":{"line":177,"column":24},"end":{"line":177,"column":34}}],"line":175},"16":{"loc":{"start":{"line":189,"column":12},"end":{"line":189,"column":71}},"type":"cond-expr","locations":[{"start":{"line":189,"column":41},"end":{"line":189,"column":58}},{"start":{"line":189,"column":61},"end":{"line":189,"column":71}}],"line":189},"17":{"loc":{"start":{"line":194,"column":14},"end":{"line":194,"column":77}},"type":"cond-expr","locations":[{"start":{"line":194,"column":40},"end":{"line":194,"column":64}},{"start":{"line":194,"column":67},"end":{"line":194,"column":77}}],"line":194},"18":{"loc":{"start":{"line":209,"column":20},"end":{"line":209,"column":79}},"type":"cond-expr","locations":[{"start":{"line":209,"column":49},"end":{"line":209,"column":66}},{"start":{"line":209,"column":69},"end":{"line":209,"column":79}}],"line":209},"19":{"loc":{"start":{"line":220,"column":20},"end":{"line":220,"column":79}},"type":"cond-expr","locations":[{"start":{"line":220,"column":49},"end":{"line":220,"column":66}},{"start":{"line":220,"column":69},"end":{"line":220,"column":79}}],"line":220},"20":{"loc":{"start":{"line":232,"column":12},"end":{"line":232,"column":71}},"type":"cond-expr","locations":[{"start":{"line":232,"column":41},"end":{"line":232,"column":58}},{"start":{"line":232,"column":61},"end":{"line":232,"column":71}}],"line":232}},"s":{"0":1,"1":0,"2":0,"3":0,"4":0,"5":0,"6":0,"7":0,"8":0,"9":0,"10":0,"11":0,"12":0,"13":0,"14":0,"15":0,"16":0,"17":0,"18":0,"19":0,"20":0,"21":0,"22":0,"23":0,"24":0,"25":0,"26":0,"27":0,"28":0,"29":0,"30":0,"31":0,"32":0,"33":0,"34":0,"35":0,"36":0},"f":{"0":0,"1":0,"2":0,"3":0,"4":0,"5":0,"6":0,"7":0,"8":0,"9":0,"10":0,"11":0,"12":0,"13":0,"14":0},"b":{"0":[0,0],"1":[0,0],"2":[0,0],"3":[0,0],"4":[0,0],"5":[0,0],"6":[0,0],"7":[0,0],"8":[0,0],"9":[0,0],"10":[0,0],"11":[0,0],"12":[0,0],"13":[0,0],"14":[0,0],"15":[0,0],"16":[0,0],"17":[0,0],"18":[0,0],"19":[0,0],"20":[0,0]},"_coverageSchema":"43e27e138ebf9cfc5966b082cf9a028302ed4184","hash":"9fb99d630d7fc261cdc582e239c9ab2b6d9ff5f1"}
,"/home/extramarks/Projects/Purple-React/src/app/user-pages/Lockscreen.js": {"path":"/home/extramarks/Projects/Purple-React/src/app/user-pages/Lockscreen.js","statementMap":{"0":{"start":{"line":6,"column":4},"end":{"line":46,"column":6}}},"fnMap":{"0":{"name":"(anonymous_0)","decl":{"start":{"line":5,"column":2},"end":{"line":5,"column":3}},"loc":{"start":{"line":5,"column":11},"end":{"line":47,"column":3}},"line":5}},"branchMap":{},"s":{"0":0},"f":{"0":0},"b":{},"hash":"d8c7bc1780baef408eb55445f2e9e393da63edc2"}
,"/home/extramarks/Projects/Purple-React/src/app/user-pages/Login.js": {"path":"/home/extramarks/Projects/Purple-React/src/app/user-pages/Login.js","statementMap":{"0":{"start":{"line":7,"column":4},"end":{"line":52,"column":5}},"1":{"start":{"line":36,"column":51},"end":{"line":36,"column":73}}},"fnMap":{"0":{"name":"(anonymous_0)","decl":{"start":{"line":6,"column":2},"end":{"line":6,"column":3}},"loc":{"start":{"line":6,"column":11},"end":{"line":53,"column":3}},"line":6},"1":{"name":"(anonymous_1)","decl":{"start":{"line":36,"column":42},"end":{"line":36,"column":43}},"loc":{"start":{"line":36,"column":51},"end":{"line":36,"column":73}},"line":36}},"branchMap":{},"s":{"0":0,"1":0},"f":{"0":0,"1":0},"b":{},"hash":"258fbbbbc3e65355d962bc73a6ad62efe05bfb4b"}
,"/home/extramarks/Projects/Purple-React/src/app/user-pages/Register.js": {"path":"/home/extramarks/Projects/Purple-React/src/app/user-pages/Register.js","statementMap":{"0":{"start":{"line":6,"column":4},"end":{"line":58,"column":5}}},"fnMap":{"0":{"name":"(anonymous_0)","decl":{"start":{"line":5,"column":2},"end":{"line":5,"column":3}},"loc":{"start":{"line":5,"column":11},"end":{"line":59,"column":3}},"line":5}},"branchMap":{},"s":{"0":0},"f":{"0":0},"b":{},"hash":"4385c50d6e9adf840892a79f99a217af94aa34c9"}
}
