TN:
SF:/home/extramarks/Projects/Purple-React/src/constants.js
FN:21,(anonymous_0)
FN:218,(anonymous_1)
FN:242,(anonymous_2)
FN:250,(anonymous_3)
FN:258,(anonymous_4)
FNF:5
FNH:0
FNDA:0,(anonymous_0)
FNDA:0,(anonymous_1)
FNDA:0,(anonymous_2)
FNDA:0,(anonymous_3)
FNDA:0,(anonymous_4)
DA:7,2
DA:21,0
DA:25,2
DA:57,2
DA:104,2
DA:155,2
DA:198,2
DA:218,2
DA:243,0
DA:244,0
DA:245,0
DA:251,0
DA:259,0
LF:13
LH:7
BRDA:243,0,0,0
BRDA:243,0,1,0
BRDA:244,1,0,0
BRDA:244,1,1,0
BRF:4
BRH:0
end_of_record
TN:
SF:/home/extramarks/Projects/Purple-React/src/i18n.js
FNF:0
FNH:0
DA:5,0
LF:1
LH:0
BRF:0
BRH:0
end_of_record
TN:
SF:/home/extramarks/Projects/Purple-React/src/index.js
FNF:0
FNH:0
DA:8,0
DA:17,0
LF:2
LH:0
BRF:0
BRH:0
end_of_record
TN:
SF:/home/extramarks/Projects/Purple-React/src/serviceWorker.js
FN:23,register
FN:34,(anonymous_1)
FN:43,(anonymous_2)
FN:57,registerValidSW
FN:60,(anonymous_4)
FN:61,(anonymous_5)
FN:66,(anonymous_6)
FN:96,(anonymous_7)
FN:101,checkValidServiceWorker
FN:104,(anonymous_9)
FN:112,(anonymous_10)
FN:113,(anonymous_11)
FN:122,(anonymous_12)
FN:129,unregister
FN:131,(anonymous_14)
FNF:15
FNH:0
FNDA:0,register
FNDA:0,(anonymous_1)
FNDA:0,(anonymous_2)
FNDA:0,registerValidSW
FNDA:0,(anonymous_4)
FNDA:0,(anonymous_5)
FNDA:0,(anonymous_6)
FNDA:0,(anonymous_7)
FNDA:0,checkValidServiceWorker
FNDA:0,(anonymous_9)
FNDA:0,(anonymous_10)
FNDA:0,(anonymous_11)
FNDA:0,(anonymous_12)
FNDA:0,unregister
FNDA:0,(anonymous_14)
DA:13,0
DA:24,0
DA:26,0
DA:27,0
DA:31,0
DA:34,0
DA:35,0
DA:37,0
DA:39,0
DA:43,0
DA:44,0
DA:51,0
DA:58,0
DA:61,0
DA:62,0
DA:63,0
DA:64,0
DA:66,0
DA:67,0
DA:68,0
DA:72,0
DA:78,0
DA:79,0
DA:85,0
DA:88,0
DA:89,0
DA:97,0
DA:103,0
DA:106,0
DA:107,0
DA:112,0
DA:113,0
DA:114,0
DA:119,0
DA:123,0
DA:130,0
DA:131,0
DA:132,0
LF:38
LH:0
BRDA:14,0,0,0
BRDA:14,0,1,0
BRDA:14,0,2,0
BRDA:24,1,0,0
BRDA:24,1,1,0
BRDA:24,2,0,0
BRDA:24,2,1,0
BRDA:27,3,0,0
BRDA:27,3,1,0
BRDA:37,4,0,0
BRDA:37,4,1,0
BRDA:63,5,0,0
BRDA:63,5,1,0
BRDA:67,6,0,0
BRDA:67,6,1,0
BRDA:68,7,0,0
BRDA:68,7,1,0
BRDA:78,8,0,0
BRDA:78,8,1,0
BRDA:78,9,0,0
BRDA:78,9,1,0
BRDA:88,10,0,0
BRDA:88,10,1,0
BRDA:88,11,0,0
BRDA:88,11,1,0
BRDA:107,12,0,0
BRDA:107,12,1,0
BRDA:108,13,0,0
BRDA:108,13,1,0
BRDA:108,13,2,0
BRDA:130,14,0,0
BRDA:130,14,1,0
BRF:32
BRH:0
end_of_record
TN:
SF:/home/extramarks/Projects/Purple-React/src/utils.js
FN:6,(anonymous_0)
FN:8,(anonymous_1)
FN:9,(anonymous_2)
FN:25,(anonymous_3)
FN:39,(anonymous_4)
FN:62,(anonymous_5)
FN:77,(anonymous_6)
FN:88,(anonymous_7)
FN:96,(anonymous_8)
FN:96,(anonymous_9)
FN:97,(anonymous_10)
FNF:11
FNH:0
FNDA:0,(anonymous_0)
FNDA:0,(anonymous_1)
FNDA:0,(anonymous_2)
FNDA:0,(anonymous_3)
FNDA:0,(anonymous_4)
FNDA:0,(anonymous_5)
FNDA:0,(anonymous_6)
FNDA:0,(anonymous_7)
FNDA:0,(anonymous_8)
FNDA:0,(anonymous_9)
FNDA:0,(anonymous_10)
DA:6,2
DA:7,0
DA:8,0
DA:11,0
DA:17,0
DA:19,0
DA:20,0
DA:25,2
DA:33,0
DA:35,0
DA:36,0
DA:37,0
DA:38,0
DA:39,0
DA:40,0
DA:44,0
DA:46,0
DA:47,0
DA:55,0
DA:56,0
DA:57,0
DA:58,0
DA:60,0
DA:62,0
DA:63,0
DA:70,0
DA:73,0
DA:77,2
DA:84,0
DA:89,0
DA:96,2
DA:97,2
LF:32
LH:5
BRDA:11,0,0,0
BRDA:11,0,1,0
BRDA:12,1,0,0
BRDA:12,1,1,0
BRDA:12,1,2,0
BRDA:12,1,3,0
BRDA:27,2,0,0
BRDA:28,3,0,0
BRDA:29,4,0,0
BRDA:30,5,0,0
BRDA:31,6,0,0
BRDA:38,7,0,0
BRDA:38,7,1,0
BRDA:57,8,0,0
BRDA:57,8,1,0
BRDA:57,9,0,0
BRDA:57,9,1,0
BRDA:63,10,0,0
BRDA:63,10,1,0
BRDA:64,11,0,0
BRDA:64,11,1,0
BRDA:78,12,0,0
BRDA:79,13,0,0
BRDA:80,14,0,0
BRDA:81,15,0,0
BRDA:82,16,0,0
BRF:26
BRH:0
end_of_record
TN:
SF:/home/extramarks/Projects/Purple-React/src/app/App.js
FN:10,(anonymous_0)
FN:12,(anonymous_1)
FNF:2
FNH:0
FNDA:0,(anonymous_0)
FNDA:0,(anonymous_1)
DA:10,1
DA:11,0
DA:12,0
DA:13,0
DA:16,0
LF:5
LH:1
BRF:0
BRH:0
end_of_record
TN:
SF:/home/extramarks/Projects/Purple-React/src/app/AppRoutes.js
FN:8,(anonymous_0)
FN:10,(anonymous_1)
FN:12,(anonymous_2)
FN:14,(anonymous_3)
FN:16,(anonymous_4)
FN:18,(anonymous_5)
FNF:6
FNH:0
FNDA:0,(anonymous_0)
FNDA:0,(anonymous_1)
FNDA:0,(anonymous_2)
FNDA:0,(anonymous_3)
FNDA:0,(anonymous_4)
FNDA:0,(anonymous_5)
DA:8,1
DA:10,1
DA:12,1
DA:14,1
DA:16,1
DA:18,1
DA:19,0
LF:7
LH:6
BRF:0
BRH:0
end_of_record
TN:
SF:/home/extramarks/Projects/Purple-React/src/app/Order1p.js
FN:37,(anonymous_0)
FN:63,(anonymous_1)
FNF:2
FNH:0
FNDA:0,(anonymous_0)
FNDA:0,(anonymous_1)
DA:5,0
DA:38,0
DA:39,0
DA:40,0
DA:41,0
DA:43,0
DA:44,0
DA:50,0
DA:52,0
DA:63,0
DA:65,0
LF:11
LH:0
BRDA:38,0,0,0
BRDA:38,0,1,0
BRDA:40,1,0,0
BRDA:40,1,1,0
BRF:4
BRH:0
end_of_record
TN:
SF:/home/extramarks/Projects/Purple-React/src/app/Logistics/FBS.js
FN:3,(anonymous_0)
FNF:1
FNH:0
FNDA:0,(anonymous_0)
DA:3,0
DA:4,0
LF:2
LH:0
BRF:0
BRH:0
end_of_record
TN:
SF:/home/extramarks/Projects/Purple-React/src/app/Logistics/FBy.js
FN:3,(anonymous_0)
FNF:1
FNH:0
FNDA:0,(anonymous_0)
DA:3,0
DA:4,0
LF:2
LH:0
BRF:0
BRH:0
end_of_record
TN:
SF:/home/extramarks/Projects/Purple-React/src/app/Shimmer/CardShimmer.js
FN:4,(anonymous_0)
FNF:1
FNH:1
FNDA:4,(anonymous_0)
DA:4,1
DA:5,4
LF:2
LH:2
BRF:0
BRH:0
end_of_record
TN:
SF:/home/extramarks/Projects/Purple-React/src/app/Table/Table.js
FN:4,(anonymous_0)
FNF:1
FNH:0
FNDA:0,(anonymous_0)
DA:4,1
DA:11,0
LF:2
LH:1
BRDA:5,0,0,0
BRDA:6,1,0,0
BRDA:7,2,0,0
BRDA:8,3,0,0
BRF:4
BRH:0
end_of_record
TN:
SF:/home/extramarks/Projects/Purple-React/src/app/basic-ui/ApiCalls.js
FN:3,(anonymous_0)
FN:4,(anonymous_1)
FN:9,(anonymous_2)
FN:12,(anonymous_3)
FN:18,(anonymous_4)
FN:19,(anonymous_5)
FN:24,(anonymous_6)
FN:27,(anonymous_7)
FN:33,(anonymous_8)
FN:34,(anonymous_9)
FN:39,(anonymous_10)
FN:42,(anonymous_11)
FN:48,(anonymous_12)
FN:49,(anonymous_13)
FN:54,(anonymous_14)
FN:57,(anonymous_15)
FN:63,(anonymous_16)
FN:64,(anonymous_17)
FN:69,(anonymous_18)
FN:72,(anonymous_19)
FNF:20
FNH:0
FNDA:0,(anonymous_0)
FNDA:0,(anonymous_1)
FNDA:0,(anonymous_2)
FNDA:0,(anonymous_3)
FNDA:0,(anonymous_4)
FNDA:0,(anonymous_5)
FNDA:0,(anonymous_6)
FNDA:0,(anonymous_7)
FNDA:0,(anonymous_8)
FNDA:0,(anonymous_9)
FNDA:0,(anonymous_10)
FNDA:0,(anonymous_11)
FNDA:0,(anonymous_12)
FNDA:0,(anonymous_13)
FNDA:0,(anonymous_14)
FNDA:0,(anonymous_15)
FNDA:0,(anonymous_16)
FNDA:0,(anonymous_17)
FNDA:0,(anonymous_18)
FNDA:0,(anonymous_19)
DA:3,2
DA:4,0
DA:5,0
DA:10,0
DA:13,0
DA:18,2
DA:19,0
DA:20,0
DA:25,0
DA:28,0
DA:33,2
DA:34,0
DA:35,0
DA:40,0
DA:43,0
DA:48,2
DA:49,0
DA:50,0
DA:55,0
DA:58,0
DA:63,2
DA:64,0
DA:65,0
DA:70,0
DA:73,0
LF:25
LH:5
BRDA:10,0,0,0
BRDA:10,0,1,0
BRDA:13,1,0,0
BRDA:13,1,1,0
BRDA:25,2,0,0
BRDA:25,2,1,0
BRDA:28,3,0,0
BRDA:28,3,1,0
BRDA:40,4,0,0
BRDA:40,4,1,0
BRDA:43,5,0,0
BRDA:43,5,1,0
BRDA:55,6,0,0
BRDA:55,6,1,0
BRDA:58,7,0,0
BRDA:58,7,1,0
BRDA:70,8,0,0
BRDA:70,8,1,0
BRDA:73,9,0,0
BRDA:73,9,1,0
BRF:20
BRH:0
end_of_record
TN:
SF:/home/extramarks/Projects/Purple-React/src/app/basic-ui/EventDetails.js
FN:11,(anonymous_0)
FN:16,(anonymous_1)
FN:30,(anonymous_2)
FN:40,(anonymous_3)
FN:50,(anonymous_4)
FN:67,(anonymous_5)
FN:73,(anonymous_6)
FN:81,(anonymous_7)
FNF:8
FNH:0
FNDA:0,(anonymous_0)
FNDA:0,(anonymous_1)
FNDA:0,(anonymous_2)
FNDA:0,(anonymous_3)
FNDA:0,(anonymous_4)
FNDA:0,(anonymous_5)
FNDA:0,(anonymous_6)
FNDA:0,(anonymous_7)
DA:11,0
DA:12,0
DA:13,0
DA:14,0
DA:16,0
DA:17,0
DA:18,0
DA:19,0
DA:20,0
DA:21,0
DA:23,0
DA:25,0
DA:26,0
DA:30,0
DA:31,0
DA:34,0
DA:41,0
DA:50,0
DA:67,0
DA:74,0
DA:77,0
DA:82,0
LF:22
LH:0
BRDA:19,0,0,0
BRDA:19,1,0,0
BRDA:57,2,0,0
BRDA:57,2,1,0
BRF:4
BRH:0
end_of_record
TN:
SF:/home/extramarks/Projects/Purple-React/src/app/basic-ui/OrderFailedDetails.js
FN:11,(anonymous_0)
FN:20,(anonymous_1)
FN:36,(anonymous_2)
FN:45,(anonymous_3)
FN:49,(anonymous_4)
FN:50,(anonymous_5)
FN:52,(anonymous_6)
FN:60,(anonymous_7)
FN:65,(anonymous_8)
FN:74,(anonymous_9)
FN:82,(anonymous_10)
FN:85,(anonymous_11)
FN:102,(anonymous_12)
FN:112,(anonymous_13)
FNF:14
FNH:0
FNDA:0,(anonymous_0)
FNDA:0,(anonymous_1)
FNDA:0,(anonymous_2)
FNDA:0,(anonymous_3)
FNDA:0,(anonymous_4)
FNDA:0,(anonymous_5)
FNDA:0,(anonymous_6)
FNDA:0,(anonymous_7)
FNDA:0,(anonymous_8)
FNDA:0,(anonymous_9)
FNDA:0,(anonymous_10)
FNDA:0,(anonymous_11)
FNDA:0,(anonymous_12)
FNDA:0,(anonymous_13)
DA:11,1
DA:12,0
DA:13,0
DA:14,0
DA:15,0
DA:16,0
DA:18,0
DA:20,0
DA:21,0
DA:22,0
DA:23,0
DA:24,0
DA:25,0
DA:26,0
DA:28,0
DA:30,0
DA:31,0
DA:32,0
DA:36,0
DA:37,0
DA:40,0
DA:45,0
DA:46,0
DA:49,0
DA:50,0
DA:51,0
DA:52,0
DA:53,0
DA:54,0
DA:55,0
DA:56,0
DA:58,0
DA:60,0
DA:61,0
DA:62,0
DA:64,0
DA:65,0
DA:68,0
DA:75,0
DA:82,0
DA:85,0
DA:102,0
DA:112,0
LF:43
LH:1
BRDA:12,0,0,0
BRDA:55,1,0,0
BRDA:55,2,0,0
BRDA:61,3,0,0
BRDA:61,3,1,0
BRF:5
BRH:0
end_of_record
TN:
SF:/home/extramarks/Projects/Purple-React/src/app/dashboard/Dashboard.js
FN:55,(anonymous_0)
FN:72,(anonymous_1)
FN:89,(anonymous_2)
FN:135,(anonymous_3)
FN:208,(anonymous_4)
FN:215,(anonymous_5)
FN:216,(anonymous_6)
FN:220,(anonymous_7)
FN:244,(anonymous_8)
FN:285,(anonymous_9)
FN:316,(anonymous_10)
FNF:11
FNH:8
FNDA:2,(anonymous_0)
FNDA:1,(anonymous_1)
FNDA:1,(anonymous_2)
FNDA:0,(anonymous_3)
FNDA:0,(anonymous_4)
FNDA:1,(anonymous_5)
FNDA:0,(anonymous_6)
FNDA:1,(anonymous_7)
FNDA:4,(anonymous_8)
FNDA:4,(anonymous_9)
FNDA:4,(anonymous_10)
DA:8,1
DA:55,1
DA:56,2
DA:57,2
DA:58,2
DA:59,2
DA:60,2
DA:61,2
DA:62,2
DA:72,2
DA:73,1
DA:74,1
DA:75,1
DA:76,1
DA:77,0
DA:78,0
DA:79,0
DA:81,1
DA:83,1
DA:84,1
DA:85,1
DA:89,2
DA:90,1
DA:91,1
DA:92,1
DA:93,0
DA:94,0
DA:95,0
DA:97,0
DA:98,0
DA:99,0
DA:101,0
DA:102,0
DA:103,0
DA:105,0
DA:106,0
DA:107,0
DA:109,0
DA:110,0
DA:111,0
DA:113,0
DA:114,0
DA:115,0
DA:117,0
DA:118,0
DA:119,0
DA:121,0
DA:122,0
DA:123,0
DA:125,0
DA:135,0
DA:176,0
DA:208,0
DA:210,0
DA:211,0
DA:215,2
DA:216,1
DA:217,0
DA:219,1
DA:220,1
DA:223,2
DA:245,4
DA:286,4
DA:317,4
LF:64
LH:30
BRDA:76,0,0,0
BRDA:76,1,0,0
BRDA:92,2,0,0
BRDA:92,2,1,1
BRDA:138,3,0,0
BRDA:138,3,1,0
BRDA:140,4,0,0
BRDA:140,4,1,0
BRDA:142,5,0,0
BRDA:142,5,1,0
BRDA:146,6,0,0
BRDA:146,6,1,0
BRDA:148,7,0,0
BRDA:148,7,1,0
BRDA:150,8,0,0
BRDA:150,8,1,0
BRDA:154,9,0,0
BRDA:154,9,1,0
BRDA:156,10,0,0
BRDA:156,10,1,0
BRDA:158,11,0,0
BRDA:158,11,1,0
BRDA:162,12,0,0
BRDA:162,12,1,0
BRDA:164,13,0,0
BRDA:164,13,1,0
BRDA:166,14,0,0
BRDA:166,14,1,0
BRDA:244,15,0,2
BRDA:244,15,1,1
BRDA:246,16,0,4
BRDA:246,16,1,0
BRDA:246,17,0,4
BRDA:246,17,1,0
BRDA:273,18,0,1
BRDA:273,18,1,1
BRDA:285,19,0,1
BRDA:285,19,1,1
BRF:38
BRH:9
end_of_record
TN:
SF:/home/extramarks/Projects/Purple-React/src/app/error-pages/Error404.js
FN:5,(anonymous_0)
FNF:1
FNH:0
FNDA:0,(anonymous_0)
DA:6,0
LF:1
LH:0
BRF:0
BRH:0
end_of_record
TN:
SF:/home/extramarks/Projects/Purple-React/src/app/shared/Navbar.js
FN:5,(anonymous_0)
FN:6,(anonymous_1)
FN:30,(anonymous_2)
FN:69,(anonymous_3)
FN:76,(anonymous_4)
FN:98,(anonymous_5)
FN:119,(anonymous_6)
FN:140,(anonymous_7)
FN:178,(anonymous_8)
FN:199,(anonymous_9)
FN:218,(anonymous_10)
FN:245,(anonymous_11)
FNF:12
FNH:0
FNDA:0,(anonymous_0)
FNDA:0,(anonymous_1)
FNDA:0,(anonymous_2)
FNDA:0,(anonymous_3)
FNDA:0,(anonymous_4)
FNDA:0,(anonymous_5)
FNDA:0,(anonymous_6)
FNDA:0,(anonymous_7)
FNDA:0,(anonymous_8)
FNDA:0,(anonymous_9)
FNDA:0,(anonymous_10)
FNDA:0,(anonymous_11)
DA:5,1
DA:6,0
DA:7,0
DA:10,0
DA:30,0
DA:69,0
DA:76,0
DA:98,0
DA:119,0
DA:140,0
DA:178,0
DA:199,0
DA:218,0
DA:245,0
LF:14
LH:1
BRF:0
BRH:0
end_of_record
TN:
SF:/home/extramarks/Projects/Purple-React/src/app/shared/Sidebar.js
FN:5,(anonymous_0)
FN:8,(anonymous_1)
FN:14,(anonymous_2)
FN:21,(anonymous_3)
FN:25,(anonymous_4)
FN:26,(anonymous_5)
FN:31,(anonymous_6)
FN:39,(anonymous_7)
FN:43,(anonymous_8)
FN:47,(anonymous_9)
FN:49,(anonymous_10)
FN:59,(anonymous_11)
FN:84,(anonymous_12)
FN:115,(anonymous_13)
FN:196,(anonymous_14)
FNF:15
FNH:0
FNDA:0,(anonymous_0)
FNDA:0,(anonymous_1)
FNDA:0,(anonymous_2)
FNDA:0,(anonymous_3)
FNDA:0,(anonymous_4)
FNDA:0,(anonymous_5)
FNDA:0,(anonymous_6)
FNDA:0,(anonymous_7)
FNDA:0,(anonymous_8)
FNDA:0,(anonymous_9)
FNDA:0,(anonymous_10)
FNDA:0,(anonymous_11)
FNDA:0,(anonymous_12)
FNDA:0,(anonymous_13)
FNDA:0,(anonymous_14)
DA:5,1
DA:6,0
DA:7,0
DA:8,0
DA:9,0
DA:10,0
DA:11,0
DA:12,0
DA:14,0
DA:15,0
DA:17,0
DA:21,0
DA:22,0
DA:24,0
DA:25,0
DA:26,0
DA:27,0
DA:28,0
DA:31,0
DA:32,0
DA:33,0
DA:39,0
DA:40,0
DA:43,0
DA:44,0
DA:47,0
DA:48,0
DA:49,0
DA:50,0
DA:53,0
DA:59,0
DA:60,0
DA:61,0
DA:66,0
DA:84,0
DA:115,0
DA:196,0
LF:37
LH:1
BRDA:9,0,0,0
BRDA:9,0,1,0
BRDA:11,1,0,0
BRDA:11,1,1,0
BRDA:27,2,0,0
BRDA:27,2,1,0
BRDA:32,3,0,0
BRDA:32,3,1,0
BRDA:60,4,0,0
BRDA:60,4,1,0
BRDA:70,5,0,0
BRDA:70,5,1,0
BRDA:78,6,0,0
BRDA:78,6,1,0
BRDA:82,7,0,0
BRDA:82,7,1,0
BRDA:96,8,0,0
BRDA:96,8,1,0
BRDA:109,9,0,0
BRDA:109,9,1,0
BRDA:113,10,0,0
BRDA:113,10,1,0
BRDA:127,11,0,0
BRDA:127,11,1,0
BRDA:139,12,0,0
BRDA:139,12,1,0
BRDA:151,13,0,0
BRDA:151,13,1,0
BRDA:163,14,0,0
BRDA:163,14,1,0
BRDA:175,15,0,0
BRDA:175,15,1,0
BRDA:189,16,0,0
BRDA:189,16,1,0
BRDA:194,17,0,0
BRDA:194,17,1,0
BRDA:209,18,0,0
BRDA:209,18,1,0
BRDA:220,19,0,0
BRDA:220,19,1,0
BRDA:232,20,0,0
BRDA:232,20,1,0
BRF:42
BRH:0
end_of_record
TN:
SF:/home/extramarks/Projects/Purple-React/src/app/user-pages/Lockscreen.js
FN:5,(anonymous_0)
FNF:1
FNH:0
FNDA:0,(anonymous_0)
DA:6,0
LF:1
LH:0
BRF:0
BRH:0
end_of_record
TN:
SF:/home/extramarks/Projects/Purple-React/src/app/user-pages/Login.js
FN:6,(anonymous_0)
FN:36,(anonymous_1)
FNF:2
FNH:0
FNDA:0,(anonymous_0)
FNDA:0,(anonymous_1)
DA:7,0
DA:36,0
LF:2
LH:0
BRF:0
BRH:0
end_of_record
TN:
SF:/home/extramarks/Projects/Purple-React/src/app/user-pages/Register.js
FN:5,(anonymous_0)
FNF:1
FNH:0
FNDA:0,(anonymous_0)
DA:6,0
LF:1
LH:0
BRF:0
BRH:0
end_of_record
